0:0:0:0:0:0:0:1%0 -  -  [18/07/2010:00:03:03 +0000] "POST /solr/drupal6_search_node/update?wt=json HTTP/1.0" 200 41 
0:0:0:0:0:0:0:1%0 -  -  [18/07/2010:00:03:03 +0000] "POST /solr/drupal6_search_node/update?wt=json HTTP/1.0" 200 42 
0:0:0:0:0:0:0:1%0 -  -  [18/07/2010:00:09:51 +0000] "POST /solr/drupal6_search_node/update?wt=json HTTP/1.0" 200 41 
0:0:0:0:0:0:0:1%0 -  -  [18/07/2010:00:09:51 +0000] "POST /solr/drupal6_search_node/update?wt=json HTTP/1.0" 200 42 
0:0:0:0:0:0:0:1%0 -  -  [18/07/2010:00:10:07 +0000] "POST /solr/drupal6_search_node/update?wt=json HTTP/1.0" 200 42 
0:0:0:0:0:0:0:1%0 -  -  [18/07/2010:00:10:07 +0000] "POST /solr/drupal6_search_node/update?wt=json HTTP/1.0" 200 42 
0:0:0:0:0:0:0:1%0 -  -  [18/07/2010:00:11:09 +0000] "POST /solr/drupal6_search_node/update?wt=json HTTP/1.0" 200 41 
0:0:0:0:0:0:0:1%0 -  -  [18/07/2010:00:11:09 +0000] "POST /solr/drupal6_search_node/update?wt=json HTTP/1.0" 200 42 
0:0:0:0:0:0:0:1%0 -  -  [18/07/2010:00:11:19 +0000] "POST /solr/drupal6_search_node/update?wt=json HTTP/1.0" 200 42 
0:0:0:0:0:0:0:1%0 -  -  [18/07/2010:00:11:19 +0000] "POST /solr/drupal6_search_node/update?wt=json HTTP/1.0" 200 42 
0:0:0:0:0:0:0:1%0 -  -  [18/07/2010:00:11:48 +0000] "GET /solr/drupal6_search_node/select?sort=score+desc&version=1.2&wt=json&json.nl=map&q=%22oil%22&start=0&rows=10 HTTP/1.0" 200 3667 
0:0:0:0:0:0:0:1%0 -  -  [18/07/2010:00:11:48 +0000] "GET /solr/drupal6_search_node/select?sort=node_created+desc&version=1.2&wt=json&json.nl=map&q=%22oil%22&start=0&rows=2 HTTP/1.0" 200 908 
0:0:0:0:0:0:0:1%0 -  -  [18/07/2010:00:11:48 +0000] "GET /solr/drupal6_search_node/select?sort=node_created+asc&version=1.2&wt=json&json.nl=map&q=%22oil%22&start=0&rows=2 HTTP/1.0" 200 903 
0:0:0:0:0:0:0:1%0 -  -  [18/07/2010:00:11:48 +0000] "GET /solr/drupal6_search_node/select?facet=true&facet.mincount=1&facet.field=node_type&facet.field=users_name&facet.date=node_created&f.node_created.facet.limit=5&f.node_created.facet.date.start=2010-07-16T02%3A37%3A09Z&f.node_created.facet.date.end=2010-07-17T19%3A13%3A24Z&f.node_created.facet.date.gap=%2B1MONTH&f.node_type.facet.limit=5&f.users_name.facet.limit=5&version=1.2&wt=json&json.nl=map&q=%22oil%22&start=0&rows=1 HTTP/1.0" 200 731 
0:0:0:0:0:0:0:1%0 -  -  [18/07/2010:00:11:52 +0000] "GET /solr/drupal6_search_node/select?sort=score+desc&version=1.2&wt=json&json.nl=map&q=%5B%2A+TO+%2A%5D&start=0&rows=1000 HTTP/1.0" 200 39923 
0:0:0:0:0:0:0:1%0 -  -  [18/07/2010:00:11:52 +0000] "GET /solr/drupal6_search_node/select?sort=node_created+desc&version=1.2&wt=json&json.nl=map&q=%5B%2A+TO+%2A%5D&start=0&rows=2 HTTP/1.0" 200 1035 
0:0:0:0:0:0:0:1%0 -  -  [18/07/2010:00:11:52 +0000] "GET /solr/drupal6_search_node/select?sort=node_created+asc&version=1.2&wt=json&json.nl=map&q=%5B%2A+TO+%2A%5D&start=0&rows=2 HTTP/1.0" 200 1032 
0:0:0:0:0:0:0:1%0 -  -  [18/07/2010:00:11:52 +0000] "GET /solr/drupal6_search_node/select?facet=true&facet.mincount=1&facet.field=node_type&facet.field=users_name&facet.date=node_created&f.node_created.facet.limit=5&f.node_created.facet.date.start=2010-07-16T02%3A37%3A09Z&f.node_created.facet.date.end=2010-07-17T19%3A13%3A24Z&f.node_created.facet.date.gap=%2B1MONTH&f.node_type.facet.limit=5&f.users_name.facet.limit=5&version=1.2&wt=json&json.nl=map&q=%5B%2A+TO+%2A%5D&start=0&rows=1 HTTP/1.0" 200 492 
0:0:0:0:0:0:0:1%0 -  -  [18/07/2010:00:11:54 +0000] "GET /solr/drupal6_search_node/select?sort=score+desc&version=1.2&wt=json&json.nl=map&q=%5B%2A+TO+%2A%5D+node_type%3A%22feed_item%22&start=0&rows=10 HTTP/1.0" 200 4156 
0:0:0:0:0:0:0:1%0 -  -  [18/07/2010:00:11:54 +0000] "GET /solr/drupal6_search_node/select?sort=node_created+desc&version=1.2&wt=json&json.nl=map&q=%5B%2A+TO+%2A%5D+node_type%3A%22feed_item%22&start=0&rows=2 HTTP/1.0" 200 1034 
0:0:0:0:0:0:0:1%0 -  -  [18/07/2010:00:11:54 +0000] "GET /solr/drupal6_search_node/select?sort=node_created+asc&version=1.2&wt=json&json.nl=map&q=%5B%2A+TO+%2A%5D+node_type%3A%22feed_item%22&start=0&rows=2 HTTP/1.0" 200 1031 
0:0:0:0:0:0:0:1%0 -  -  [18/07/2010:00:11:54 +0000] "GET /solr/drupal6_search_node/select?facet=true&facet.mincount=1&facet.field=node_type&facet.field=users_name&facet.date=node_created&f.node_created.facet.limit=5&f.node_created.facet.date.start=2010-07-16T02%3A37%3A09Z&f.node_created.facet.date.end=2010-07-17T19%3A13%3A24Z&f.node_created.facet.date.gap=%2B1MONTH&f.node_type.facet.limit=5&f.users_name.facet.limit=5&version=1.2&wt=json&json.nl=map&q=%5B%2A+TO+%2A%5D+node_type%3A%22feed_item%22&start=0&rows=1 HTTP/1.0" 200 705 
0:0:0:0:0:0:0:1%0 -  -  [18/07/2010:00:12:02 +0000] "GET /solr/drupal6_search_node/select?sort=score+desc&version=1.2&wt=json&json.nl=map&q=%5B%2A+TO+%2A%5D+node_type%3A%22feed_item%22&start=0&rows=10 HTTP/1.0" 200 4156 
0:0:0:0:0:0:0:1%0 -  -  [18/07/2010:00:12:02 +0000] "GET /solr/drupal6_search_node/select?sort=node_created+desc&version=1.2&wt=json&json.nl=map&q=%5B%2A+TO+%2A%5D+node_type%3A%22feed_item%22&start=0&rows=2 HTTP/1.0" 200 1034 
0:0:0:0:0:0:0:1%0 -  -  [18/07/2010:00:12:02 +0000] "GET /solr/drupal6_search_node/select?sort=node_created+asc&version=1.2&wt=json&json.nl=map&q=%5B%2A+TO+%2A%5D+node_type%3A%22feed_item%22&start=0&rows=2 HTTP/1.0" 200 1031 
0:0:0:0:0:0:0:1%0 -  -  [18/07/2010:00:12:02 +0000] "GET /solr/drupal6_search_node/select?facet=true&facet.mincount=1&facet.field=node_type&facet.field=users_name&facet.date=node_created&f.node_created.facet.limit=5&f.node_created.facet.date.start=2010-07-16T02%3A37%3A09Z&f.node_created.facet.date.end=2010-07-17T19%3A13%3A24Z&f.node_created.facet.date.gap=%2B1MONTH&f.node_type.facet.limit=5&f.users_name.facet.limit=5&version=1.2&wt=json&json.nl=map&q=%5B%2A+TO+%2A%5D+node_type%3A%22feed_item%22&start=0&rows=1 HTTP/1.0" 200 705 
0:0:0:0:0:0:0:1%0 -  -  [18/07/2010:00:12:06 +0000] "GET /solr/drupal6_search_node/select?sort=score+desc&version=1.2&wt=json&json.nl=map&q=%5B%2A+TO+%2A%5D&start=0&rows=1000 HTTP/1.0" 200 39923 
0:0:0:0:0:0:0:1%0 -  -  [18/07/2010:00:12:06 +0000] "GET /solr/drupal6_search_node/select?sort=node_created+desc&version=1.2&wt=json&json.nl=map&q=%5B%2A+TO+%2A%5D&start=0&rows=2 HTTP/1.0" 200 1035 
0:0:0:0:0:0:0:1%0 -  -  [18/07/2010:00:12:06 +0000] "GET /solr/drupal6_search_node/select?sort=node_created+asc&version=1.2&wt=json&json.nl=map&q=%5B%2A+TO+%2A%5D&start=0&rows=2 HTTP/1.0" 200 1032 
0:0:0:0:0:0:0:1%0 -  -  [18/07/2010:00:12:06 +0000] "GET /solr/drupal6_search_node/select?facet=true&facet.mincount=1&facet.field=node_type&facet.field=users_name&facet.date=node_created&f.node_created.facet.limit=5&f.node_created.facet.date.start=2010-07-16T02%3A37%3A09Z&f.node_created.facet.date.end=2010-07-17T19%3A13%3A24Z&f.node_created.facet.date.gap=%2B1MONTH&f.node_type.facet.limit=5&f.users_name.facet.limit=5&version=1.2&wt=json&json.nl=map&q=%5B%2A+TO+%2A%5D&start=0&rows=1 HTTP/1.0" 200 492 
0:0:0:0:0:0:0:1%0 -  -  [18/07/2010:00:12:10 +0000] "GET /solr/drupal6_search_node/select?sort=score+desc&version=1.2&wt=json&json.nl=map&q=%5B%2A+TO+%2A%5D+node_type%3A%22feed%22&start=0&rows=10 HTTP/1.0" 200 255 
0:0:0:0:0:0:0:1%0 -  -  [18/07/2010:00:12:10 +0000] "GET /solr/drupal6_search_node/select?sort=node_created+desc&version=1.2&wt=json&json.nl=map&q=%5B%2A+TO+%2A%5D+node_type%3A%22feed%22&start=0&rows=2 HTTP/1.0" 200 255 
0:0:0:0:0:0:0:1%0 -  -  [18/07/2010:00:12:10 +0000] "GET /solr/drupal6_search_node/select?sort=node_created+asc&version=1.2&wt=json&json.nl=map&q=%5B%2A+TO+%2A%5D+node_type%3A%22feed%22&start=0&rows=2 HTTP/1.0" 200 255 
0:0:0:0:0:0:0:1%0 -  -  [18/07/2010:00:12:10 +0000] "GET /solr/drupal6_search_node/select?facet=true&facet.mincount=1&facet.field=node_type&facet.field=users_name&facet.date=node_created&f.node_created.facet.limit=5&f.node_created.facet.date.start=2010-07-16T02%3A39%3A41Z&f.node_created.facet.date.end=2010-07-16T02%3A39%3A41Z&f.node_created.facet.date.gap=%2B1MONTH&f.node_type.facet.limit=5&f.users_name.facet.limit=5&version=1.2&wt=json&json.nl=map&q=%5B%2A+TO+%2A%5D+node_type%3A%22feed%22&start=0&rows=1 HTTP/1.0" 200 442 
0:0:0:0:0:0:0:1%0 -  -  [18/07/2010:00:12:13 +0000] "GET /solr/drupal6_search_node/select?sort=score+desc&version=1.2&wt=json&json.nl=map&q=%5B%2A+TO+%2A%5D&start=0&rows=1000 HTTP/1.0" 200 39923 
0:0:0:0:0:0:0:1%0 -  -  [18/07/2010:00:12:13 +0000] "GET /solr/drupal6_search_node/select?sort=node_created+desc&version=1.2&wt=json&json.nl=map&q=%5B%2A+TO+%2A%5D&start=0&rows=2 HTTP/1.0" 200 1035 
0:0:0:0:0:0:0:1%0 -  -  [18/07/2010:00:12:13 +0000] "GET /solr/drupal6_search_node/select?sort=node_created+asc&version=1.2&wt=json&json.nl=map&q=%5B%2A+TO+%2A%5D&start=0&rows=2 HTTP/1.0" 200 1032 
0:0:0:0:0:0:0:1%0 -  -  [18/07/2010:00:12:13 +0000] "GET /solr/drupal6_search_node/select?facet=true&facet.mincount=1&facet.field=node_type&facet.field=users_name&facet.date=node_created&f.node_created.facet.limit=5&f.node_created.facet.date.start=2010-07-16T02%3A37%3A09Z&f.node_created.facet.date.end=2010-07-17T19%3A13%3A24Z&f.node_created.facet.date.gap=%2B1MONTH&f.node_type.facet.limit=5&f.users_name.facet.limit=5&version=1.2&wt=json&json.nl=map&q=%5B%2A+TO+%2A%5D&start=0&rows=1 HTTP/1.0" 200 492 
0:0:0:0:0:0:0:1%0 -  -  [18/07/2010:00:12:16 +0000] "GET /solr/drupal6_search_node/select?sort=score+desc&version=1.2&wt=json&json.nl=map&q=%5B%2A+TO+%2A%5D+node_type%3A%22feed_item%22&start=0&rows=10 HTTP/1.0" 200 4156 
0:0:0:0:0:0:0:1%0 -  -  [18/07/2010:00:12:16 +0000] "GET /solr/drupal6_search_node/select?sort=node_created+desc&version=1.2&wt=json&json.nl=map&q=%5B%2A+TO+%2A%5D+node_type%3A%22feed_item%22&start=0&rows=2 HTTP/1.0" 200 1034 
0:0:0:0:0:0:0:1%0 -  -  [18/07/2010:00:12:16 +0000] "GET /solr/drupal6_search_node/select?sort=node_created+asc&version=1.2&wt=json&json.nl=map&q=%5B%2A+TO+%2A%5D+node_type%3A%22feed_item%22&start=0&rows=2 HTTP/1.0" 200 1031 
0:0:0:0:0:0:0:1%0 -  -  [18/07/2010:00:12:16 +0000] "GET /solr/drupal6_search_node/select?facet=true&facet.mincount=1&facet.field=node_type&facet.field=users_name&facet.date=node_created&f.node_created.facet.limit=5&f.node_created.facet.date.start=2010-07-16T02%3A37%3A09Z&f.node_created.facet.date.end=2010-07-17T19%3A13%3A24Z&f.node_created.facet.date.gap=%2B1MONTH&f.node_type.facet.limit=5&f.users_name.facet.limit=5&version=1.2&wt=json&json.nl=map&q=%5B%2A+TO+%2A%5D+node_type%3A%22feed_item%22&start=0&rows=1 HTTP/1.0" 200 705 
0:0:0:0:0:0:0:1%0 -  -  [18/07/2010:00:13:40 +0000] "GET /solr/drupal6_search_node/select?sort=score+desc&version=1.2&wt=json&json.nl=map&q=%5B%2A+TO+%2A%5D&start=0&rows=1000 HTTP/1.0" 200 39923 
0:0:0:0:0:0:0:1%0 -  -  [18/07/2010:00:13:40 +0000] "GET /solr/drupal6_search_node/select?sort=node_created+desc&version=1.2&wt=json&json.nl=map&q=%5B%2A+TO+%2A%5D&start=0&rows=2 HTTP/1.0" 200 1035 
0:0:0:0:0:0:0:1%0 -  -  [18/07/2010:00:13:40 +0000] "GET /solr/drupal6_search_node/select?sort=node_created+asc&version=1.2&wt=json&json.nl=map&q=%5B%2A+TO+%2A%5D&start=0&rows=2 HTTP/1.0" 200 1032 
0:0:0:0:0:0:0:1%0 -  -  [18/07/2010:00:13:40 +0000] "GET /solr/drupal6_search_node/select?facet=true&facet.mincount=1&facet.field=node_type&facet.field=users_name&facet.field=term_data_tid&facet.date=node_created&f.node_created.facet.limit=5&f.node_created.facet.date.start=2010-07-16T02%3A37%3A09Z&f.node_created.facet.date.end=2010-07-17T19%3A13%3A24Z&f.node_created.facet.date.gap=%2B1MONTH&f.node_type.facet.limit=5&f.users_name.facet.limit=5&f.term_data_tid.facet.limit=5&version=1.2&wt=json&json.nl=map&q=%5B%2A+TO+%2A%5D&start=0&rows=1 HTTP/1.0" 200 2567 
0:0:0:0:0:0:0:1%0 -  -  [18/07/2010:00:13:55 +0000] "GET /solr/drupal6_search_node/select?sort=score+desc&version=1.2&wt=json&json.nl=map&q=%5B%2A+TO+%2A%5D+node_type%3A%22feed_item%22&start=0&rows=10 HTTP/1.0" 200 4156 
0:0:0:0:0:0:0:1%0 -  -  [18/07/2010:00:13:55 +0000] "GET /solr/drupal6_search_node/select?sort=node_created+desc&version=1.2&wt=json&json.nl=map&q=%5B%2A+TO+%2A%5D+node_type%3A%22feed_item%22&start=0&rows=2 HTTP/1.0" 200 1034 
0:0:0:0:0:0:0:1%0 -  -  [18/07/2010:00:13:55 +0000] "GET /solr/drupal6_search_node/select?sort=node_created+asc&version=1.2&wt=json&json.nl=map&q=%5B%2A+TO+%2A%5D+node_type%3A%22feed_item%22&start=0&rows=2 HTTP/1.0" 200 1031 
0:0:0:0:0:0:0:1%0 -  -  [18/07/2010:00:13:55 +0000] "GET /solr/drupal6_search_node/select?facet=true&facet.mincount=1&facet.field=node_type&facet.field=users_name&facet.field=term_data_tid&facet.date=node_created&f.node_created.facet.limit=5&f.node_created.facet.date.start=2010-07-16T02%3A37%3A09Z&f.node_created.facet.date.end=2010-07-17T19%3A13%3A24Z&f.node_created.facet.date.gap=%2B1MONTH&f.node_type.facet.limit=5&f.users_name.facet.limit=5&f.term_data_tid.facet.limit=5&version=1.2&wt=json&json.nl=map&q=%5B%2A+TO+%2A%5D+node_type%3A%22feed_item%22&start=0&rows=1 HTTP/1.0" 200 2808 
0:0:0:0:0:0:0:1%0 -  -  [18/07/2010:00:13:58 +0000] "GET /solr/drupal6_search_node/select?sort=score+desc&version=1.2&wt=json&json.nl=map&q=%5B%2A+TO+%2A%5D&start=0&rows=1000 HTTP/1.0" 200 39923 
0:0:0:0:0:0:0:1%0 -  -  [18/07/2010:00:13:58 +0000] "GET /solr/drupal6_search_node/select?sort=node_created+desc&version=1.2&wt=json&json.nl=map&q=%5B%2A+TO+%2A%5D&start=0&rows=2 HTTP/1.0" 200 1035 
0:0:0:0:0:0:0:1%0 -  -  [18/07/2010:00:13:58 +0000] "GET /solr/drupal6_search_node/select?sort=node_created+asc&version=1.2&wt=json&json.nl=map&q=%5B%2A+TO+%2A%5D&start=0&rows=2 HTTP/1.0" 200 1032 
0:0:0:0:0:0:0:1%0 -  -  [18/07/2010:00:13:58 +0000] "GET /solr/drupal6_search_node/select?facet=true&facet.mincount=1&facet.field=node_type&facet.field=users_name&facet.field=term_data_tid&facet.date=node_created&f.node_created.facet.limit=5&f.node_created.facet.date.start=2010-07-16T02%3A37%3A09Z&f.node_created.facet.date.end=2010-07-17T19%3A13%3A24Z&f.node_created.facet.date.gap=%2B1MONTH&f.node_type.facet.limit=5&f.users_name.facet.limit=5&f.term_data_tid.facet.limit=5&version=1.2&wt=json&json.nl=map&q=%5B%2A+TO+%2A%5D&start=0&rows=1 HTTP/1.0" 200 2567 
0:0:0:0:0:0:0:1%0 -  -  [18/07/2010:00:14:03 +0000] "GET /solr/drupal6_search_node/select?sort=score+desc&version=1.2&wt=json&json.nl=map&q=%22oil%22&start=0&rows=10 HTTP/1.0" 200 3667 
0:0:0:0:0:0:0:1%0 -  -  [18/07/2010:00:14:03 +0000] "GET /solr/drupal6_search_node/select?sort=node_created+desc&version=1.2&wt=json&json.nl=map&q=%22oil%22&start=0&rows=2 HTTP/1.0" 200 908 
0:0:0:0:0:0:0:1%0 -  -  [18/07/2010:00:14:03 +0000] "GET /solr/drupal6_search_node/select?sort=node_created+asc&version=1.2&wt=json&json.nl=map&q=%22oil%22&start=0&rows=2 HTTP/1.0" 200 903 
0:0:0:0:0:0:0:1%0 -  -  [18/07/2010:00:14:03 +0000] "GET /solr/drupal6_search_node/select?facet=true&facet.mincount=1&facet.field=node_type&facet.field=users_name&facet.field=term_data_tid&facet.date=node_created&f.node_created.facet.limit=5&f.node_created.facet.date.start=2010-07-16T02%3A37%3A09Z&f.node_created.facet.date.end=2010-07-17T19%3A13%3A24Z&f.node_created.facet.date.gap=%2B1MONTH&f.node_type.facet.limit=5&f.users_name.facet.limit=5&f.term_data_tid.facet.limit=5&version=1.2&wt=json&json.nl=map&q=%22oil%22&start=0&rows=1 HTTP/1.0" 200 2834 
0:0:0:0:0:0:0:1%0 -  -  [18/07/2010:00:14:50 +0000] "GET /solr/drupal6_search_node/select?sort=score+desc&version=1.2&wt=json&json.nl=map&q=%5B%2A+TO+%2A%5D&start=0&rows=1000 HTTP/1.0" 200 39923 
0:0:0:0:0:0:0:1%0 -  -  [18/07/2010:00:14:50 +0000] "GET /solr/drupal6_search_node/select?sort=node_created+desc&version=1.2&wt=json&json.nl=map&q=%5B%2A+TO+%2A%5D&start=0&rows=2 HTTP/1.0" 200 1035 
0:0:0:0:0:0:0:1%0 -  -  [18/07/2010:00:14:50 +0000] "GET /solr/drupal6_search_node/select?sort=node_created+asc&version=1.2&wt=json&json.nl=map&q=%5B%2A+TO+%2A%5D&start=0&rows=2 HTTP/1.0" 200 1032 
0:0:0:0:0:0:0:1%0 -  -  [18/07/2010:00:14:50 +0000] "GET /solr/drupal6_search_node/select?facet=true&facet.mincount=1&facet.field=node_type&facet.field=users_name&facet.field=term_data_tid&facet.date=node_created&f.node_created.facet.limit=5&f.node_created.facet.date.start=2010-07-16T02%3A37%3A09Z&f.node_created.facet.date.end=2010-07-17T19%3A13%3A24Z&f.node_created.facet.date.gap=%2B1MONTH&f.node_type.facet.limit=5&f.users_name.facet.limit=5&f.term_data_tid.facet.limit=5&version=1.2&wt=json&json.nl=map&q=%5B%2A+TO+%2A%5D&start=0&rows=1 HTTP/1.0" 200 2567 
0:0:0:0:0:0:0:1%0 -  -  [18/07/2010:00:15:08 +0000] "GET /solr/drupal6_search_node/select?sort=score+desc&version=1.2&wt=json&json.nl=map&q=%5B%2A+TO+%2A%5D&start=0&rows=1000 HTTP/1.0" 200 39923 
0:0:0:0:0:0:0:1%0 -  -  [18/07/2010:00:15:08 +0000] "GET /solr/drupal6_search_node/select?sort=node_created+desc&version=1.2&wt=json&json.nl=map&q=%5B%2A+TO+%2A%5D&start=0&rows=2 HTTP/1.0" 200 1035 
0:0:0:0:0:0:0:1%0 -  -  [18/07/2010:00:15:08 +0000] "GET /solr/drupal6_search_node/select?sort=node_created+asc&version=1.2&wt=json&json.nl=map&q=%5B%2A+TO+%2A%5D&start=0&rows=2 HTTP/1.0" 200 1032 
0:0:0:0:0:0:0:1%0 -  -  [18/07/2010:00:15:08 +0000] "GET /solr/drupal6_search_node/select?facet=true&facet.mincount=1&facet.field=node_type&facet.field=users_name&facet.field=term_data_tid&facet.date=node_created&f.node_created.facet.limit=5&f.node_created.facet.date.start=2010-07-16T02%3A37%3A09Z&f.node_created.facet.date.end=2010-07-17T19%3A13%3A24Z&f.node_created.facet.date.gap=%2B1MONTH&f.node_type.facet.limit=5&f.users_name.facet.limit=5&f.term_data_tid.facet.limit=5&version=1.2&wt=json&json.nl=map&q=%5B%2A+TO+%2A%5D&start=0&rows=1 HTTP/1.0" 200 2567 
0:0:0:0:0:0:0:1%0 -  -  [18/07/2010:00:15:22 +0000] "GET /solr/drupal6_search_node/select?sort=score+desc&version=1.2&wt=json&json.nl=map&q=%22oil%22&start=0&rows=10 HTTP/1.0" 200 3667 
0:0:0:0:0:0:0:1%0 -  -  [18/07/2010:00:15:22 +0000] "GET /solr/drupal6_search_node/select?sort=node_created+desc&version=1.2&wt=json&json.nl=map&q=%22oil%22&start=0&rows=2 HTTP/1.0" 200 908 
0:0:0:0:0:0:0:1%0 -  -  [18/07/2010:00:15:22 +0000] "GET /solr/drupal6_search_node/select?sort=node_created+asc&version=1.2&wt=json&json.nl=map&q=%22oil%22&start=0&rows=2 HTTP/1.0" 200 903 
0:0:0:0:0:0:0:1%0 -  -  [18/07/2010:00:15:22 +0000] "GET /solr/drupal6_search_node/select?facet=true&facet.mincount=1&facet.field=node_type&facet.field=users_name&facet.field=term_data_tid&facet.date=node_created&f.node_created.facet.limit=5&f.node_created.facet.date.start=2010-07-16T02%3A37%3A09Z&f.node_created.facet.date.end=2010-07-17T19%3A13%3A24Z&f.node_created.facet.date.gap=%2B1MONTH&f.node_type.facet.limit=5&f.users_name.facet.limit=5&f.term_data_tid.facet.limit=5&version=1.2&wt=json&json.nl=map&q=%22oil%22&start=0&rows=1 HTTP/1.0" 200 2834 
0:0:0:0:0:0:0:1%0 -  -  [18/07/2010:00:15:31 +0000] "GET /solr/drupal6_search_node/select?sort=score+desc&version=1.2&wt=json&json.nl=map&q=%5B%2A+TO+%2A%5D&start=0&rows=1000 HTTP/1.0" 200 39923 
0:0:0:0:0:0:0:1%0 -  -  [18/07/2010:00:15:31 +0000] "GET /solr/drupal6_search_node/select?sort=node_created+desc&version=1.2&wt=json&json.nl=map&q=%5B%2A+TO+%2A%5D&start=0&rows=2 HTTP/1.0" 200 1035 
0:0:0:0:0:0:0:1%0 -  -  [18/07/2010:00:15:31 +0000] "GET /solr/drupal6_search_node/select?sort=node_created+asc&version=1.2&wt=json&json.nl=map&q=%5B%2A+TO+%2A%5D&start=0&rows=2 HTTP/1.0" 200 1032 
0:0:0:0:0:0:0:1%0 -  -  [18/07/2010:00:15:31 +0000] "GET /solr/drupal6_search_node/select?facet=true&facet.mincount=1&facet.field=node_type&facet.field=users_name&facet.field=term_data_tid&facet.date=node_created&f.node_created.facet.limit=5&f.node_created.facet.date.start=2010-07-16T02%3A37%3A09Z&f.node_created.facet.date.end=2010-07-17T19%3A13%3A24Z&f.node_created.facet.date.gap=%2B1MONTH&f.node_type.facet.limit=5&f.users_name.facet.limit=5&f.term_data_tid.facet.limit=5&version=1.2&wt=json&json.nl=map&q=%5B%2A+TO+%2A%5D&start=0&rows=1 HTTP/1.0" 200 2567 
0:0:0:0:0:0:0:1%0 -  -  [18/07/2010:00:15:39 +0000] "GET /solr/drupal6_search_node/select?sort=score+desc&version=1.2&wt=json&json.nl=map&q=%22oil%22&start=0&rows=10 HTTP/1.0" 200 3667 
0:0:0:0:0:0:0:1%0 -  -  [18/07/2010:00:15:39 +0000] "GET /solr/drupal6_search_node/select?sort=node_created+desc&version=1.2&wt=json&json.nl=map&q=%22oil%22&start=0&rows=2 HTTP/1.0" 200 908 
0:0:0:0:0:0:0:1%0 -  -  [18/07/2010:00:15:39 +0000] "GET /solr/drupal6_search_node/select?sort=node_created+asc&version=1.2&wt=json&json.nl=map&q=%22oil%22&start=0&rows=2 HTTP/1.0" 200 903 
0:0:0:0:0:0:0:1%0 -  -  [18/07/2010:00:15:39 +0000] "GET /solr/drupal6_search_node/select?facet=true&facet.mincount=1&facet.field=node_type&facet.field=users_name&facet.field=term_data_tid&facet.date=node_created&f.node_created.facet.limit=5&f.node_created.facet.date.start=2010-07-16T02%3A37%3A09Z&f.node_created.facet.date.end=2010-07-17T19%3A13%3A24Z&f.node_created.facet.date.gap=%2B1MONTH&f.node_type.facet.limit=5&f.users_name.facet.limit=5&f.term_data_tid.facet.limit=5&version=1.2&wt=json&json.nl=map&q=%22oil%22&start=0&rows=1 HTTP/1.0" 200 2834 
0:0:0:0:0:0:0:1%0 -  -  [18/07/2010:00:15:42 +0000] "GET /solr/drupal6_search_node/select?sort=score+desc&version=1.2&wt=json&json.nl=map&q=%5B%2A+TO+%2A%5D&start=0&rows=1000 HTTP/1.0" 200 39923 
0:0:0:0:0:0:0:1%0 -  -  [18/07/2010:00:15:42 +0000] "GET /solr/drupal6_search_node/select?sort=node_created+desc&version=1.2&wt=json&json.nl=map&q=%5B%2A+TO+%2A%5D&start=0&rows=2 HTTP/1.0" 200 1035 
0:0:0:0:0:0:0:1%0 -  -  [18/07/2010:00:15:42 +0000] "GET /solr/drupal6_search_node/select?sort=node_created+asc&version=1.2&wt=json&json.nl=map&q=%5B%2A+TO+%2A%5D&start=0&rows=2 HTTP/1.0" 200 1032 
0:0:0:0:0:0:0:1%0 -  -  [18/07/2010:00:15:42 +0000] "GET /solr/drupal6_search_node/select?facet=true&facet.mincount=1&facet.field=node_type&facet.field=users_name&facet.field=term_data_tid&facet.date=node_created&f.node_created.facet.limit=5&f.node_created.facet.date.start=2010-07-16T02%3A37%3A09Z&f.node_created.facet.date.end=2010-07-17T19%3A13%3A24Z&f.node_created.facet.date.gap=%2B1MONTH&f.node_type.facet.limit=5&f.users_name.facet.limit=5&f.term_data_tid.facet.limit=5&version=1.2&wt=json&json.nl=map&q=%5B%2A+TO+%2A%5D&start=0&rows=1 HTTP/1.0" 200 2567 
0:0:0:0:0:0:0:1%0 -  -  [18/07/2010:00:15:46 +0000] "GET /solr/drupal6_search_node/select?sort=score+desc&version=1.2&wt=json&json.nl=map&q=%22oil%22&start=0&rows=10 HTTP/1.0" 200 3667 
0:0:0:0:0:0:0:1%0 -  -  [18/07/2010:00:15:46 +0000] "GET /solr/drupal6_search_node/select?sort=node_created+desc&version=1.2&wt=json&json.nl=map&q=%22oil%22&start=0&rows=2 HTTP/1.0" 200 908 
0:0:0:0:0:0:0:1%0 -  -  [18/07/2010:00:15:46 +0000] "GET /solr/drupal6_search_node/select?sort=node_created+asc&version=1.2&wt=json&json.nl=map&q=%22oil%22&start=0&rows=2 HTTP/1.0" 200 903 
0:0:0:0:0:0:0:1%0 -  -  [18/07/2010:00:15:46 +0000] "GET /solr/drupal6_search_node/select?facet=true&facet.mincount=1&facet.field=node_type&facet.field=users_name&facet.field=term_data_tid&facet.date=node_created&f.node_created.facet.limit=5&f.node_created.facet.date.start=2010-07-16T02%3A37%3A09Z&f.node_created.facet.date.end=2010-07-17T19%3A13%3A24Z&f.node_created.facet.date.gap=%2B1MONTH&f.node_type.facet.limit=5&f.users_name.facet.limit=5&f.term_data_tid.facet.limit=5&version=1.2&wt=json&json.nl=map&q=%22oil%22&start=0&rows=1 HTTP/1.0" 200 2834 
0:0:0:0:0:0:0:1%0 -  -  [18/07/2010:00:15:53 +0000] "GET /solr/drupal6_search_node/select?sort=score+desc&version=1.2&wt=json&json.nl=map&q=%22oil%22&start=0&rows=10 HTTP/1.0" 200 3667 
0:0:0:0:0:0:0:1%0 -  -  [18/07/2010:00:15:53 +0000] "GET /solr/drupal6_search_node/select?sort=node_created+desc&version=1.2&wt=json&json.nl=map&q=%22oil%22&start=0&rows=2 HTTP/1.0" 200 908 
0:0:0:0:0:0:0:1%0 -  -  [18/07/2010:00:15:53 +0000] "GET /solr/drupal6_search_node/select?sort=node_created+asc&version=1.2&wt=json&json.nl=map&q=%22oil%22&start=0&rows=2 HTTP/1.0" 200 903 
0:0:0:0:0:0:0:1%0 -  -  [18/07/2010:00:15:53 +0000] "GET /solr/drupal6_search_node/select?facet=true&facet.mincount=1&facet.field=node_type&facet.field=users_name&facet.field=term_data_tid&facet.date=node_created&f.node_created.facet.limit=5&f.node_created.facet.date.start=2010-07-16T02%3A37%3A09Z&f.node_created.facet.date.end=2010-07-17T19%3A13%3A24Z&f.node_created.facet.date.gap=%2B1MONTH&f.node_type.facet.limit=5&f.users_name.facet.limit=5&f.term_data_tid.facet.limit=5&version=1.2&wt=json&json.nl=map&q=%22oil%22&start=0&rows=1 HTTP/1.0" 200 2834 
0:0:0:0:0:0:0:1%0 -  -  [18/07/2010:00:15:57 +0000] "GET /solr/drupal6_search_node/select?sort=score+desc&version=1.2&wt=json&json.nl=map&q=%22oil%22&start=0&rows=10 HTTP/1.0" 200 3667 
0:0:0:0:0:0:0:1%0 -  -  [18/07/2010:00:15:57 +0000] "GET /solr/drupal6_search_node/select?sort=node_created+desc&version=1.2&wt=json&json.nl=map&q=%22oil%22&start=0&rows=2 HTTP/1.0" 200 908 
0:0:0:0:0:0:0:1%0 -  -  [18/07/2010:00:15:57 +0000] "GET /solr/drupal6_search_node/select?sort=node_created+asc&version=1.2&wt=json&json.nl=map&q=%22oil%22&start=0&rows=2 HTTP/1.0" 200 903 
0:0:0:0:0:0:0:1%0 -  -  [18/07/2010:00:15:57 +0000] "GET /solr/drupal6_search_node/select?facet=true&facet.mincount=1&facet.field=node_type&facet.field=users_name&facet.field=term_data_tid&facet.date=node_created&f.node_created.facet.limit=5&f.node_created.facet.date.start=2010-07-16T02%3A37%3A09Z&f.node_created.facet.date.end=2010-07-17T19%3A13%3A24Z&f.node_created.facet.date.gap=%2B1MONTH&f.node_type.facet.limit=5&f.users_name.facet.limit=5&f.term_data_tid.facet.limit=5&version=1.2&wt=json&json.nl=map&q=%22oil%22&start=0&rows=1 HTTP/1.0" 200 2834 
0:0:0:0:0:0:0:1%0 -  -  [18/07/2010:00:16:28 +0000] "GET /solr/drupal6_search_node/select?sort=score+desc&version=1.2&wt=json&json.nl=map&q=%22oil%22&start=0&rows=10 HTTP/1.0" 200 3667 
0:0:0:0:0:0:0:1%0 -  -  [18/07/2010:00:16:28 +0000] "GET /solr/drupal6_search_node/select?sort=node_created+desc&version=1.2&wt=json&json.nl=map&q=%22oil%22&start=0&rows=2 HTTP/1.0" 200 908 
0:0:0:0:0:0:0:1%0 -  -  [18/07/2010:00:16:28 +0000] "GET /solr/drupal6_search_node/select?sort=node_created+asc&version=1.2&wt=json&json.nl=map&q=%22oil%22&start=0&rows=2 HTTP/1.0" 200 903 
0:0:0:0:0:0:0:1%0 -  -  [18/07/2010:00:16:28 +0000] "GET /solr/drupal6_search_node/select?facet=true&facet.mincount=1&facet.field=node_type&facet.field=users_name&facet.field=term_data_tid&facet.date=node_created&f.node_created.facet.limit=5&f.node_created.facet.date.start=2010-07-16T02%3A37%3A09Z&f.node_created.facet.date.end=2010-07-17T19%3A13%3A24Z&f.node_created.facet.date.gap=%2B1MONTH&f.node_type.facet.limit=5&f.users_name.facet.limit=5&f.term_data_tid.facet.limit=5&version=1.2&wt=json&json.nl=map&q=%22oil%22&start=0&rows=1 HTTP/1.0" 200 2834 
0:0:0:0:0:0:0:1%0 -  -  [18/07/2010:00:16:51 +0000] "POST /solr/drupal6_search_node/update?wt=json HTTP/1.0" 200 41 
0:0:0:0:0:0:0:1%0 -  -  [18/07/2010:00:16:51 +0000] "POST /solr/drupal6_search_node/update?wt=json HTTP/1.0" 200 42 
0:0:0:0:0:0:0:1%0 -  -  [18/07/2010:00:17:00 +0000] "POST /solr/drupal6_search_node/update?wt=json HTTP/1.0" 200 42 
0:0:0:0:0:0:0:1%0 -  -  [18/07/2010:00:17:00 +0000] "POST /solr/drupal6_search_node/update?wt=json HTTP/1.0" 200 42 
0:0:0:0:0:0:0:1%0 -  -  [18/07/2010:00:18:17 +0000] "GET /solr/drupal6_search_node/select?sort=score+desc&version=1.2&wt=json&json.nl=map&q=%22oil%22&start=0&rows=10 HTTP/1.0" 200 3667 
0:0:0:0:0:0:0:1%0 -  -  [18/07/2010:00:18:17 +0000] "GET /solr/drupal6_search_node/select?sort=node_created+desc&version=1.2&wt=json&json.nl=map&q=%22oil%22&start=0&rows=2 HTTP/1.0" 200 908 
0:0:0:0:0:0:0:1%0 -  -  [18/07/2010:00:18:17 +0000] "GET /solr/drupal6_search_node/select?sort=node_created+asc&version=1.2&wt=json&json.nl=map&q=%22oil%22&start=0&rows=2 HTTP/1.0" 200 903 
0:0:0:0:0:0:0:1%0 -  -  [18/07/2010:00:18:17 +0000] "GET /solr/drupal6_search_node/select?facet=true&facet.mincount=1&facet.field=node_type&facet.field=users_name&facet.date=node_created&f.node_created.facet.limit=5&f.node_created.facet.date.start=2010-07-16T02%3A37%3A09Z&f.node_created.facet.date.end=2010-07-17T19%3A13%3A24Z&f.node_created.facet.date.gap=%2B1MONTH&f.node_type.facet.limit=5&f.users_name.facet.limit=5&version=1.2&wt=json&json.nl=map&q=%22oil%22&start=0&rows=1 HTTP/1.0" 200 731 
