0:0:0:0:0:0:0:1%0 -  -  [17/07/2010:12:48:04 +0000] "GET /solr/drupal6_search_node/select?sort=score+desc&version=1.2&wt=json&json.nl=map&q=%5B%2A+TO+%2A%5D+node_type%3A%28feed_item%29&start=0&rows=1000 HTTP/1.0" 200 18215 
0:0:0:0:0:0:0:1%0 -  -  [17/07/2010:12:48:04 +0000] "GET /solr/drupal6_search_node/select?sort=node_created+desc&version=1.2&wt=json&json.nl=map&q=%5B%2A+TO+%2A%5D+node_type%3A%28feed_item%29&start=0&rows=2 HTTP/1.0" 200 795 
0:0:0:0:0:0:0:1%0 -  -  [17/07/2010:12:48:04 +0000] "GET /solr/drupal6_search_node/select?sort=node_created+asc&version=1.2&wt=json&json.nl=map&q=%5B%2A+TO+%2A%5D+node_type%3A%28feed_item%29&start=0&rows=2 HTTP/1.0" 200 1030 
0:0:0:0:0:0:0:1%0 -  -  [17/07/2010:12:48:04 +0000] "GET /solr/drupal6_search_node/select?facet=true&facet.mincount=1&facet.field=node_type&facet.field=users_name&facet.date=node_created&f.node_created.facet.limit=5&f.node_created.facet.date.start=2010-07-16T02%3A37%3A09Z&f.node_created.facet.date.end=2010-07-16T18%3A33%3A06Z&f.node_created.facet.date.gap=%2B1MONTH&f.node_type.facet.limit=5&f.users_name.facet.limit=5&version=1.2&wt=json&json.nl=map&q=%5B%2A+TO+%2A%5D+node_type%3A%28feed_item%29&start=0&rows=1 HTTP/1.0" 200 704 
0:0:0:0:0:0:0:1%0 -  -  [17/07/2010:16:14:43 +0000] "GET /solr/drupal6_search_node/select?sort=score+desc&version=1.2&wt=json&json.nl=map&q=%5B%2A+TO+%2A%5D+node_type%3A%28feed_item%29&start=0&rows=1000 HTTP/1.0" 200 18215 
0:0:0:0:0:0:0:1%0 -  -  [17/07/2010:16:14:43 +0000] "GET /solr/drupal6_search_node/select?sort=node_created+desc&version=1.2&wt=json&json.nl=map&q=%5B%2A+TO+%2A%5D+node_type%3A%28feed_item%29&start=0&rows=2 HTTP/1.0" 200 795 
0:0:0:0:0:0:0:1%0 -  -  [17/07/2010:16:14:43 +0000] "GET /solr/drupal6_search_node/select?sort=node_created+asc&version=1.2&wt=json&json.nl=map&q=%5B%2A+TO+%2A%5D+node_type%3A%28feed_item%29&start=0&rows=2 HTTP/1.0" 200 1030 
0:0:0:0:0:0:0:1%0 -  -  [17/07/2010:16:14:43 +0000] "GET /solr/drupal6_search_node/select?facet=true&facet.mincount=1&facet.field=node_type&facet.field=users_name&facet.date=node_created&f.node_created.facet.limit=5&f.node_created.facet.date.start=2010-07-16T02%3A37%3A09Z&f.node_created.facet.date.end=2010-07-16T18%3A33%3A06Z&f.node_created.facet.date.gap=%2B1MONTH&f.node_type.facet.limit=5&f.users_name.facet.limit=5&version=1.2&wt=json&json.nl=map&q=%5B%2A+TO+%2A%5D+node_type%3A%28feed_item%29&start=0&rows=1 HTTP/1.0" 200 704 
0:0:0:0:0:0:0:1%0 -  -  [17/07/2010:18:03:11 +0000] "POST /solr/drupal6_search_node/update?wt=json HTTP/1.0" 200 42 
0:0:0:0:0:0:0:1%0 -  -  [17/07/2010:18:03:11 +0000] "POST /solr/drupal6_search_node/update?wt=json HTTP/1.0" 200 42 
0:0:0:0:0:0:0:1%0 -  -  [17/07/2010:18:05:44 +0000] "POST /solr/drupal6_search_node/update?wt=json HTTP/1.0" 200 41 
0:0:0:0:0:0:0:1%0 -  -  [17/07/2010:18:05:44 +0000] "POST /solr/drupal6_search_node/update?wt=json HTTP/1.0" 200 42 
0:0:0:0:0:0:0:1%0 -  -  [17/07/2010:18:06:00 +0000] "POST /solr/drupal6_search_node/update?wt=json HTTP/1.0" 400 1436 
0:0:0:0:0:0:0:1%0 -  -  [17/07/2010:18:09:26 +0000] "POST /solr/drupal6_search_node/update?wt=json HTTP/1.0" 400 1436 
0:0:0:0:0:0:0:1%0 -  -  [17/07/2010:18:11:21 +0000] "POST /solr/drupal6_search_node/update?wt=json HTTP/1.0" 400 1436 
0:0:0:0:0:0:0:1%0 -  -  [17/07/2010:18:15:09 +0000] "POST /solr/drupal6_search_node/update?wt=json HTTP/1.0" 400 1436 
0:0:0:0:0:0:0:1%0 -  -  [17/07/2010:18:17:58 +0000] "POST /solr/drupal6_search_node/update?wt=json HTTP/1.0" 200 41 
0:0:0:0:0:0:0:1%0 -  -  [17/07/2010:18:17:58 +0000] "POST /solr/drupal6_search_node/update?wt=json HTTP/1.0" 200 42 
0:0:0:0:0:0:0:1%0 -  -  [17/07/2010:18:18:34 +0000] "POST /solr/drupal6_search_node/update?wt=json HTTP/1.0" 400 1436 
0:0:0:0:0:0:0:1%0 -  -  [17/07/2010:18:19:32 +0000] "POST /solr/drupal6_search_node/update?wt=json HTTP/1.0" 200 41 
0:0:0:0:0:0:0:1%0 -  -  [17/07/2010:18:19:32 +0000] "POST /solr/drupal6_search_node/update?wt=json HTTP/1.0" 200 42 
0:0:0:0:0:0:0:1%0 -  -  [17/07/2010:18:19:39 +0000] "POST /solr/drupal6_search_node/update?wt=json HTTP/1.0" 200 42 
0:0:0:0:0:0:0:1%0 -  -  [17/07/2010:18:19:39 +0000] "POST /solr/drupal6_search_node/update?wt=json HTTP/1.0" 200 42 
0:0:0:0:0:0:0:1%0 -  -  [17/07/2010:18:21:29 +0000] "GET /solr/drupal6_search_node/select?sort=score+desc&version=1.2&wt=json&json.nl=map&q=%5B%2A+TO+%2A%5D&start=0&rows=1000 HTTP/1.0" 200 36242 
0:0:0:0:0:0:0:1%0 -  -  [17/07/2010:18:21:29 +0000] "GET /solr/drupal6_search_node/select?sort=node_created+desc&version=1.2&wt=json&json.nl=map&q=%5B%2A+TO+%2A%5D&start=0&rows=2 HTTP/1.0" 200 1007 
0:0:0:0:0:0:0:1%0 -  -  [17/07/2010:18:21:29 +0000] "GET /solr/drupal6_search_node/select?sort=node_created+asc&version=1.2&wt=json&json.nl=map&q=%5B%2A+TO+%2A%5D&start=0&rows=2 HTTP/1.0" 200 1030 
0:0:0:0:0:0:0:1%0 -  -  [17/07/2010:18:21:29 +0000] "GET /solr/drupal6_search_node/select?facet=true&facet.mincount=1&facet.field=node_type&facet.field=users_name&facet.date=node_created&f.node_created.facet.limit=5&f.node_created.facet.date.start=2010-07-16T02%3A37%3A09Z&f.node_created.facet.date.end=2010-07-17T18%3A01%3A54Z&f.node_created.facet.date.gap=%2B1MONTH&f.node_type.facet.limit=5&f.users_name.facet.limit=5&version=1.2&wt=json&json.nl=map&q=%5B%2A+TO+%2A%5D&start=0&rows=1 HTTP/1.0" 200 489 
0:0:0:0:0:0:0:1%0 -  -  [17/07/2010:18:22:25 +0000] "GET /solr/drupal6_search_node/select?sort=score+desc&version=1.2&wt=json&json.nl=map&q=%5B%2A+TO+%2A%5D&start=0&rows=1000 HTTP/1.0" 200 36242 
0:0:0:0:0:0:0:1%0 -  -  [17/07/2010:18:22:25 +0000] "GET /solr/drupal6_search_node/select?sort=node_created+desc&version=1.2&wt=json&json.nl=map&q=%5B%2A+TO+%2A%5D&start=0&rows=2 HTTP/1.0" 200 1007 
0:0:0:0:0:0:0:1%0 -  -  [17/07/2010:18:22:25 +0000] "GET /solr/drupal6_search_node/select?sort=node_created+asc&version=1.2&wt=json&json.nl=map&q=%5B%2A+TO+%2A%5D&start=0&rows=2 HTTP/1.0" 200 1030 
0:0:0:0:0:0:0:1%0 -  -  [17/07/2010:18:22:25 +0000] "GET /solr/drupal6_search_node/select?facet=true&facet.mincount=1&facet.field=node_type&facet.field=users_name&facet.date=node_created&f.node_created.facet.limit=5&f.node_created.facet.date.start=2010-07-16T02%3A37%3A09Z&f.node_created.facet.date.end=2010-07-17T18%3A01%3A54Z&f.node_created.facet.date.gap=%2B1MONTH&f.node_type.facet.limit=5&f.users_name.facet.limit=5&version=1.2&wt=json&json.nl=map&q=%5B%2A+TO+%2A%5D&start=0&rows=1 HTTP/1.0" 200 489 
0:0:0:0:0:0:0:1%0 -  -  [17/07/2010:18:23:30 +0000] "GET /solr/drupal6_search_node/select?sort=score+desc&version=1.2&wt=json&json.nl=map&q=%5B%2A+TO+%2A%5D&start=0&rows=1000 HTTP/1.0" 200 36242 
0:0:0:0:0:0:0:1%0 -  -  [17/07/2010:18:23:30 +0000] "GET /solr/drupal6_search_node/select?sort=node_created+desc&version=1.2&wt=json&json.nl=map&q=%5B%2A+TO+%2A%5D&start=0&rows=2 HTTP/1.0" 200 1007 
0:0:0:0:0:0:0:1%0 -  -  [17/07/2010:18:23:30 +0000] "GET /solr/drupal6_search_node/select?sort=node_created+asc&version=1.2&wt=json&json.nl=map&q=%5B%2A+TO+%2A%5D&start=0&rows=2 HTTP/1.0" 200 1030 
0:0:0:0:0:0:0:1%0 -  -  [17/07/2010:18:23:30 +0000] "GET /solr/drupal6_search_node/select?facet=true&facet.mincount=1&facet.field=node_type&facet.field=users_name&facet.date=node_created&f.node_created.facet.limit=5&f.node_created.facet.date.start=2010-07-16T02%3A37%3A09Z&f.node_created.facet.date.end=2010-07-17T18%3A01%3A54Z&f.node_created.facet.date.gap=%2B1MONTH&f.node_type.facet.limit=5&f.users_name.facet.limit=5&version=1.2&wt=json&json.nl=map&q=%5B%2A+TO+%2A%5D&start=0&rows=1 HTTP/1.0" 200 489 
0:0:0:0:0:0:0:1%0 -  -  [17/07/2010:18:25:09 +0000] "GET /solr/drupal6_search_node/select?sort=score+desc&version=1.2&wt=json&json.nl=map&q=%5B%2A+TO+%2A%5D&start=0&rows=1000 HTTP/1.0" 200 36242 
0:0:0:0:0:0:0:1%0 -  -  [17/07/2010:18:25:09 +0000] "GET /solr/drupal6_search_node/select?sort=node_created+desc&version=1.2&wt=json&json.nl=map&q=%5B%2A+TO+%2A%5D&start=0&rows=2 HTTP/1.0" 200 1007 
0:0:0:0:0:0:0:1%0 -  -  [17/07/2010:18:25:09 +0000] "GET /solr/drupal6_search_node/select?sort=node_created+asc&version=1.2&wt=json&json.nl=map&q=%5B%2A+TO+%2A%5D&start=0&rows=2 HTTP/1.0" 200 1030 
0:0:0:0:0:0:0:1%0 -  -  [17/07/2010:18:25:09 +0000] "GET /solr/drupal6_search_node/select?facet=true&facet.mincount=1&facet.field=node_type&facet.field=users_name&facet.date=node_created&f.node_created.facet.limit=5&f.node_created.facet.date.start=2010-07-16T02%3A37%3A09Z&f.node_created.facet.date.end=2010-07-17T18%3A01%3A54Z&f.node_created.facet.date.gap=%2B1MONTH&f.node_type.facet.limit=5&f.users_name.facet.limit=5&version=1.2&wt=json&json.nl=map&q=%5B%2A+TO+%2A%5D&start=0&rows=1 HTTP/1.0" 200 489 
0:0:0:0:0:0:0:1%0 -  -  [17/07/2010:18:26:25 +0000] "GET /solr/drupal6_search_node/select?sort=score+desc&version=1.2&wt=json&json.nl=map&q=%5B%2A+TO+%2A%5D&start=0&rows=1000 HTTP/1.0" 200 36242 
0:0:0:0:0:0:0:1%0 -  -  [17/07/2010:18:26:25 +0000] "GET /solr/drupal6_search_node/select?sort=node_created+desc&version=1.2&wt=json&json.nl=map&q=%5B%2A+TO+%2A%5D&start=0&rows=2 HTTP/1.0" 200 1007 
0:0:0:0:0:0:0:1%0 -  -  [17/07/2010:18:26:25 +0000] "GET /solr/drupal6_search_node/select?sort=node_created+asc&version=1.2&wt=json&json.nl=map&q=%5B%2A+TO+%2A%5D&start=0&rows=2 HTTP/1.0" 200 1030 
0:0:0:0:0:0:0:1%0 -  -  [17/07/2010:18:26:25 +0000] "GET /solr/drupal6_search_node/select?facet=true&facet.mincount=1&facet.field=node_type&facet.field=users_name&facet.date=node_created&f.node_created.facet.limit=5&f.node_created.facet.date.start=2010-07-16T02%3A37%3A09Z&f.node_created.facet.date.end=2010-07-17T18%3A01%3A54Z&f.node_created.facet.date.gap=%2B1MONTH&f.node_type.facet.limit=5&f.users_name.facet.limit=5&version=1.2&wt=json&json.nl=map&q=%5B%2A+TO+%2A%5D&start=0&rows=1 HTTP/1.0" 200 489 
0:0:0:0:0:0:0:1%0 -  -  [17/07/2010:18:26:52 +0000] "GET /solr/drupal6_search_node/select?sort=score+desc&version=1.2&wt=json&json.nl=map&q=%5B%2A+TO+%2A%5D+node_type%3A%22feed_item%22&start=0&rows=10 HTTP/1.0" 200 4155 
0:0:0:0:0:0:0:1%0 -  -  [17/07/2010:18:26:52 +0000] "GET /solr/drupal6_search_node/select?sort=node_created+desc&version=1.2&wt=json&json.nl=map&q=%5B%2A+TO+%2A%5D+node_type%3A%22feed_item%22&start=0&rows=2 HTTP/1.0" 200 1007 
0:0:0:0:0:0:0:1%0 -  -  [17/07/2010:18:26:52 +0000] "GET /solr/drupal6_search_node/select?sort=node_created+asc&version=1.2&wt=json&json.nl=map&q=%5B%2A+TO+%2A%5D+node_type%3A%22feed_item%22&start=0&rows=2 HTTP/1.0" 200 1030 
0:0:0:0:0:0:0:1%0 -  -  [17/07/2010:18:26:52 +0000] "GET /solr/drupal6_search_node/select?facet=true&facet.mincount=1&facet.field=node_type&facet.field=users_name&facet.date=node_created&f.node_created.facet.limit=5&f.node_created.facet.date.start=2010-07-16T02%3A37%3A09Z&f.node_created.facet.date.end=2010-07-17T18%3A01%3A54Z&f.node_created.facet.date.gap=%2B1MONTH&f.node_type.facet.limit=5&f.users_name.facet.limit=5&version=1.2&wt=json&json.nl=map&q=%5B%2A+TO+%2A%5D+node_type%3A%22feed_item%22&start=0&rows=1 HTTP/1.0" 200 704 
0:0:0:0:0:0:0:1%0 -  -  [17/07/2010:18:32:43 +0000] "GET /solr/drupal6_search_node/select?sort=score+desc&version=1.2&wt=json&json.nl=map&q=%5B%2A+TO+%2A%5D&start=0&rows=1000 HTTP/1.0" 200 36242 
0:0:0:0:0:0:0:1%0 -  -  [17/07/2010:18:32:43 +0000] "GET /solr/drupal6_search_node/select?sort=node_created+desc&version=1.2&wt=json&json.nl=map&q=%5B%2A+TO+%2A%5D&start=0&rows=2 HTTP/1.0" 200 1007 
0:0:0:0:0:0:0:1%0 -  -  [17/07/2010:18:32:43 +0000] "GET /solr/drupal6_search_node/select?sort=node_created+asc&version=1.2&wt=json&json.nl=map&q=%5B%2A+TO+%2A%5D&start=0&rows=2 HTTP/1.0" 200 1030 
0:0:0:0:0:0:0:1%0 -  -  [17/07/2010:18:32:43 +0000] "GET /solr/drupal6_search_node/select?facet=true&facet.mincount=1&facet.field=node_type&facet.field=users_name&facet.date=node_created&f.node_created.facet.limit=5&f.node_created.facet.date.start=2010-07-16T02%3A37%3A09Z&f.node_created.facet.date.end=2010-07-17T18%3A01%3A54Z&f.node_created.facet.date.gap=%2B1MONTH&f.node_type.facet.limit=5&f.users_name.facet.limit=5&version=1.2&wt=json&json.nl=map&q=%5B%2A+TO+%2A%5D&start=0&rows=1 HTTP/1.0" 200 489 
0:0:0:0:0:0:0:1%0 -  -  [17/07/2010:18:33:27 +0000] "GET /solr/drupal6_search_node/select?sort=score+desc&version=1.2&wt=json&json.nl=map&q=%5B%2A+TO+%2A%5D&start=0&rows=1000 HTTP/1.0" 200 36242 
0:0:0:0:0:0:0:1%0 -  -  [17/07/2010:18:33:27 +0000] "GET /solr/drupal6_search_node/select?sort=node_created+desc&version=1.2&wt=json&json.nl=map&q=%5B%2A+TO+%2A%5D&start=0&rows=2 HTTP/1.0" 200 1007 
0:0:0:0:0:0:0:1%0 -  -  [17/07/2010:18:33:27 +0000] "GET /solr/drupal6_search_node/select?sort=node_created+asc&version=1.2&wt=json&json.nl=map&q=%5B%2A+TO+%2A%5D&start=0&rows=2 HTTP/1.0" 200 1030 
0:0:0:0:0:0:0:1%0 -  -  [17/07/2010:18:33:27 +0000] "GET /solr/drupal6_search_node/select?facet=true&facet.mincount=1&facet.field=node_type&facet.field=users_name&facet.date=node_created&f.node_created.facet.limit=5&f.node_created.facet.date.start=2010-07-16T02%3A37%3A09Z&f.node_created.facet.date.end=2010-07-17T18%3A01%3A54Z&f.node_created.facet.date.gap=%2B1MONTH&f.node_type.facet.limit=5&f.users_name.facet.limit=5&version=1.2&wt=json&json.nl=map&q=%5B%2A+TO+%2A%5D&start=0&rows=1 HTTP/1.0" 200 489 
0:0:0:0:0:0:0:1%0 -  -  [17/07/2010:18:33:43 +0000] "GET /solr/drupal6_search_node/select?sort=score+desc&version=1.2&wt=json&json.nl=map&q=%5B%2A+TO+%2A%5D&start=0&rows=1000 HTTP/1.0" 200 36242 
0:0:0:0:0:0:0:1%0 -  -  [17/07/2010:18:33:43 +0000] "GET /solr/drupal6_search_node/select?sort=node_created+desc&version=1.2&wt=json&json.nl=map&q=%5B%2A+TO+%2A%5D&start=0&rows=2 HTTP/1.0" 200 1007 
0:0:0:0:0:0:0:1%0 -  -  [17/07/2010:18:33:43 +0000] "GET /solr/drupal6_search_node/select?sort=node_created+asc&version=1.2&wt=json&json.nl=map&q=%5B%2A+TO+%2A%5D&start=0&rows=2 HTTP/1.0" 200 1030 
0:0:0:0:0:0:0:1%0 -  -  [17/07/2010:18:33:43 +0000] "GET /solr/drupal6_search_node/select?facet=true&facet.mincount=1&facet.field=node_type&facet.field=users_name&facet.date=node_created&f.node_created.facet.limit=5&f.node_created.facet.date.start=2010-07-16T02%3A37%3A09Z&f.node_created.facet.date.end=2010-07-17T18%3A01%3A54Z&f.node_created.facet.date.gap=%2B1MONTH&f.node_type.facet.limit=5&f.users_name.facet.limit=5&version=1.2&wt=json&json.nl=map&q=%5B%2A+TO+%2A%5D&start=0&rows=1 HTTP/1.0" 200 489 
0:0:0:0:0:0:0:1%0 -  -  [17/07/2010:18:36:39 +0000] "GET /solr/drupal6_search_node/select?sort=score+desc&version=1.2&wt=json&json.nl=map&q=%5B%2A+TO+%2A%5D&start=0&rows=1000 HTTP/1.0" 200 36242 
0:0:0:0:0:0:0:1%0 -  -  [17/07/2010:18:36:39 +0000] "GET /solr/drupal6_search_node/select?sort=node_created+desc&version=1.2&wt=json&json.nl=map&q=%5B%2A+TO+%2A%5D&start=0&rows=2 HTTP/1.0" 200 1007 
0:0:0:0:0:0:0:1%0 -  -  [17/07/2010:18:36:39 +0000] "GET /solr/drupal6_search_node/select?sort=node_created+asc&version=1.2&wt=json&json.nl=map&q=%5B%2A+TO+%2A%5D&start=0&rows=2 HTTP/1.0" 200 1030 
0:0:0:0:0:0:0:1%0 -  -  [17/07/2010:18:36:39 +0000] "GET /solr/drupal6_search_node/select?facet=true&facet.mincount=1&facet.field=node_type&facet.field=users_name&facet.date=node_created&f.node_created.facet.limit=5&f.node_created.facet.date.start=2010-07-16T02%3A37%3A09Z&f.node_created.facet.date.end=2010-07-17T18%3A01%3A54Z&f.node_created.facet.date.gap=%2B1MONTH&f.node_type.facet.limit=5&f.users_name.facet.limit=5&version=1.2&wt=json&json.nl=map&q=%5B%2A+TO+%2A%5D&start=0&rows=1 HTTP/1.0" 200 489 
0:0:0:0:0:0:0:1%0 -  -  [17/07/2010:18:36:44 +0000] "GET /solr/drupal6_search_node/select?sort=score+desc&version=1.2&wt=json&json.nl=map&q=%5B%2A+TO+%2A%5D&start=0&rows=1000 HTTP/1.0" 200 36242 
0:0:0:0:0:0:0:1%0 -  -  [17/07/2010:18:36:44 +0000] "GET /solr/drupal6_search_node/select?sort=node_created+desc&version=1.2&wt=json&json.nl=map&q=%5B%2A+TO+%2A%5D&start=0&rows=2 HTTP/1.0" 200 1007 
0:0:0:0:0:0:0:1%0 -  -  [17/07/2010:18:36:44 +0000] "GET /solr/drupal6_search_node/select?sort=node_created+asc&version=1.2&wt=json&json.nl=map&q=%5B%2A+TO+%2A%5D&start=0&rows=2 HTTP/1.0" 200 1030 
0:0:0:0:0:0:0:1%0 -  -  [17/07/2010:18:36:44 +0000] "GET /solr/drupal6_search_node/select?facet=true&facet.mincount=1&facet.field=node_type&facet.field=users_name&facet.date=node_created&f.node_created.facet.limit=5&f.node_created.facet.date.start=2010-07-16T02%3A37%3A09Z&f.node_created.facet.date.end=2010-07-17T18%3A01%3A54Z&f.node_created.facet.date.gap=%2B1MONTH&f.node_type.facet.limit=5&f.users_name.facet.limit=5&version=1.2&wt=json&json.nl=map&q=%5B%2A+TO+%2A%5D&start=0&rows=1 HTTP/1.0" 200 489 
0:0:0:0:0:0:0:1%0 -  -  [17/07/2010:18:36:57 +0000] "GET /solr/drupal6_search_node/select?sort=score+desc&version=1.2&wt=json&json.nl=map&q=%5B%2A+TO+%2A%5D&start=0&rows=1000 HTTP/1.0" 200 36242 
0:0:0:0:0:0:0:1%0 -  -  [17/07/2010:18:36:57 +0000] "GET /solr/drupal6_search_node/select?sort=node_created+desc&version=1.2&wt=json&json.nl=map&q=%5B%2A+TO+%2A%5D&start=0&rows=2 HTTP/1.0" 200 1007 
0:0:0:0:0:0:0:1%0 -  -  [17/07/2010:18:36:57 +0000] "GET /solr/drupal6_search_node/select?sort=node_created+asc&version=1.2&wt=json&json.nl=map&q=%5B%2A+TO+%2A%5D&start=0&rows=2 HTTP/1.0" 200 1030 
0:0:0:0:0:0:0:1%0 -  -  [17/07/2010:18:36:57 +0000] "GET /solr/drupal6_search_node/select?facet=true&facet.mincount=1&facet.field=node_type&facet.field=users_name&facet.date=node_created&f.node_created.facet.limit=5&f.node_created.facet.date.start=2010-07-16T02%3A37%3A09Z&f.node_created.facet.date.end=2010-07-17T18%3A01%3A54Z&f.node_created.facet.date.gap=%2B1MONTH&f.node_type.facet.limit=5&f.users_name.facet.limit=5&version=1.2&wt=json&json.nl=map&q=%5B%2A+TO+%2A%5D&start=0&rows=1 HTTP/1.0" 200 489 
0:0:0:0:0:0:0:1%0 -  -  [17/07/2010:18:36:57 +0000] "GET /solr/drupal6_search_node/select?sort=score+desc&version=1.2&wt=json&json.nl=map&q=%5B%2A+TO+%2A%5D&start=0&rows=1000 HTTP/1.0" 200 36242 
0:0:0:0:0:0:0:1%0 -  -  [17/07/2010:18:36:57 +0000] "GET /solr/drupal6_search_node/select?sort=node_created+desc&version=1.2&wt=json&json.nl=map&q=%5B%2A+TO+%2A%5D&start=0&rows=2 HTTP/1.0" 200 1007 
0:0:0:0:0:0:0:1%0 -  -  [17/07/2010:18:36:57 +0000] "GET /solr/drupal6_search_node/select?sort=node_created+asc&version=1.2&wt=json&json.nl=map&q=%5B%2A+TO+%2A%5D&start=0&rows=2 HTTP/1.0" 200 1030 
0:0:0:0:0:0:0:1%0 -  -  [17/07/2010:18:36:57 +0000] "GET /solr/drupal6_search_node/select?facet=true&facet.mincount=1&facet.field=node_type&facet.field=users_name&facet.date=node_created&f.node_created.facet.limit=5&f.node_created.facet.date.start=2010-07-16T02%3A37%3A09Z&f.node_created.facet.date.end=2010-07-17T18%3A01%3A54Z&f.node_created.facet.date.gap=%2B1MONTH&f.node_type.facet.limit=5&f.users_name.facet.limit=5&version=1.2&wt=json&json.nl=map&q=%5B%2A+TO+%2A%5D&start=0&rows=1 HTTP/1.0" 200 489 
0:0:0:0:0:0:0:1%0 -  -  [17/07/2010:18:37:21 +0000] "GET /solr/drupal6_search_node/select?sort=score+desc&version=1.2&wt=json&json.nl=map&q=%5B%2A+TO+%2A%5D&start=0&rows=1000 HTTP/1.0" 200 36242 
0:0:0:0:0:0:0:1%0 -  -  [17/07/2010:18:37:21 +0000] "GET /solr/drupal6_search_node/select?sort=node_created+desc&version=1.2&wt=json&json.nl=map&q=%5B%2A+TO+%2A%5D&start=0&rows=2 HTTP/1.0" 200 1007 
0:0:0:0:0:0:0:1%0 -  -  [17/07/2010:18:37:21 +0000] "GET /solr/drupal6_search_node/select?sort=node_created+asc&version=1.2&wt=json&json.nl=map&q=%5B%2A+TO+%2A%5D&start=0&rows=2 HTTP/1.0" 200 1030 
0:0:0:0:0:0:0:1%0 -  -  [17/07/2010:18:37:21 +0000] "GET /solr/drupal6_search_node/select?facet=true&facet.mincount=1&facet.field=node_type&facet.field=users_name&facet.date=node_created&f.node_created.facet.limit=5&f.node_created.facet.date.start=2010-07-16T02%3A37%3A09Z&f.node_created.facet.date.end=2010-07-17T18%3A01%3A54Z&f.node_created.facet.date.gap=%2B1MONTH&f.node_type.facet.limit=5&f.users_name.facet.limit=5&version=1.2&wt=json&json.nl=map&q=%5B%2A+TO+%2A%5D&start=0&rows=1 HTTP/1.0" 200 489 
0:0:0:0:0:0:0:1%0 -  -  [17/07/2010:18:37:26 +0000] "GET /solr/drupal6_search_node/select?sort=score+desc&version=1.2&wt=json&json.nl=map&q=%5B%2A+TO+%2A%5D&start=0&rows=1000 HTTP/1.0" 200 36242 
0:0:0:0:0:0:0:1%0 -  -  [17/07/2010:18:37:26 +0000] "GET /solr/drupal6_search_node/select?sort=node_created+desc&version=1.2&wt=json&json.nl=map&q=%5B%2A+TO+%2A%5D&start=0&rows=2 HTTP/1.0" 200 1007 
0:0:0:0:0:0:0:1%0 -  -  [17/07/2010:18:37:26 +0000] "GET /solr/drupal6_search_node/select?sort=node_created+asc&version=1.2&wt=json&json.nl=map&q=%5B%2A+TO+%2A%5D&start=0&rows=2 HTTP/1.0" 200 1030 
0:0:0:0:0:0:0:1%0 -  -  [17/07/2010:18:37:26 +0000] "GET /solr/drupal6_search_node/select?facet=true&facet.mincount=1&facet.field=node_type&facet.field=users_name&facet.date=node_created&f.node_created.facet.limit=5&f.node_created.facet.date.start=2010-07-16T02%3A37%3A09Z&f.node_created.facet.date.end=2010-07-17T18%3A01%3A54Z&f.node_created.facet.date.gap=%2B1MONTH&f.node_type.facet.limit=5&f.users_name.facet.limit=5&version=1.2&wt=json&json.nl=map&q=%5B%2A+TO+%2A%5D&start=0&rows=1 HTTP/1.0" 200 489 
0:0:0:0:0:0:0:1%0 -  -  [17/07/2010:18:37:26 +0000] "GET /solr/drupal6_search_node/select?sort=score+desc&version=1.2&wt=json&json.nl=map&q=%5B%2A+TO+%2A%5D&start=0&rows=1000 HTTP/1.0" 200 36242 
0:0:0:0:0:0:0:1%0 -  -  [17/07/2010:18:37:26 +0000] "GET /solr/drupal6_search_node/select?sort=node_created+desc&version=1.2&wt=json&json.nl=map&q=%5B%2A+TO+%2A%5D&start=0&rows=2 HTTP/1.0" 200 1007 
0:0:0:0:0:0:0:1%0 -  -  [17/07/2010:18:37:26 +0000] "GET /solr/drupal6_search_node/select?sort=node_created+asc&version=1.2&wt=json&json.nl=map&q=%5B%2A+TO+%2A%5D&start=0&rows=2 HTTP/1.0" 200 1030 
0:0:0:0:0:0:0:1%0 -  -  [17/07/2010:18:37:26 +0000] "GET /solr/drupal6_search_node/select?facet=true&facet.mincount=1&facet.field=node_type&facet.field=users_name&facet.date=node_created&f.node_created.facet.limit=5&f.node_created.facet.date.start=2010-07-16T02%3A37%3A09Z&f.node_created.facet.date.end=2010-07-17T18%3A01%3A54Z&f.node_created.facet.date.gap=%2B1MONTH&f.node_type.facet.limit=5&f.users_name.facet.limit=5&version=1.2&wt=json&json.nl=map&q=%5B%2A+TO+%2A%5D&start=0&rows=1 HTTP/1.0" 200 489 
0:0:0:0:0:0:0:1%0 -  -  [17/07/2010:18:37:29 +0000] "POST /solr/drupal6_search_node/update?wt=json HTTP/1.0" 200 41 
0:0:0:0:0:0:0:1%0 -  -  [17/07/2010:18:37:29 +0000] "POST /solr/drupal6_search_node/update?wt=json HTTP/1.0" 200 42 
0:0:0:0:0:0:0:1%0 -  -  [17/07/2010:18:37:30 +0000] "GET /solr/drupal6_search_node/select?sort=score+desc&version=1.2&wt=json&json.nl=map&q=%5B%2A+TO+%2A%5D&start=0&rows=1000 HTTP/1.0" 200 87 
0:0:0:0:0:0:0:1%0 -  -  [17/07/2010:18:37:30 +0000] "GET /solr/drupal6_search_node/select?sort=node_created+desc&version=1.2&wt=json&json.nl=map&q=%5B%2A+TO+%2A%5D&start=0&rows=2 HTTP/1.0" 200 87 
0:0:0:0:0:0:0:1%0 -  -  [17/07/2010:18:37:30 +0000] "GET /solr/drupal6_search_node/select?sort=node_created+asc&version=1.2&wt=json&json.nl=map&q=%5B%2A+TO+%2A%5D&start=0&rows=2 HTTP/1.0" 200 87 
0:0:0:0:0:0:0:1%0 -  -  [17/07/2010:18:37:30 +0000] "GET /solr/drupal6_search_node/select?facet=true&facet.mincount=1&facet.field=node_type&facet.field=users_name&facet.date=node_created&f.node_created.facet.limit=5&f.node_created.facet.date.gap=%2B1MONTH&f.node_type.facet.limit=5&f.users_name.facet.limit=5&version=1.2&wt=json&json.nl=map&q=%5B%2A+TO+%2A%5D&start=0&rows=1 HTTP/1.0" 200 2449 
0:0:0:0:0:0:0:1%0 -  -  [17/07/2010:18:37:37 +0000] "GET /solr/drupal6_search_node/select?sort=score+desc&version=1.2&wt=json&json.nl=map&q=%5B%2A+TO+%2A%5D&start=0&rows=1000 HTTP/1.0" 200 87 
0:0:0:0:0:0:0:1%0 -  -  [17/07/2010:18:37:37 +0000] "GET /solr/drupal6_search_node/select?sort=node_created+desc&version=1.2&wt=json&json.nl=map&q=%5B%2A+TO+%2A%5D&start=0&rows=2 HTTP/1.0" 200 87 
0:0:0:0:0:0:0:1%0 -  -  [17/07/2010:18:37:37 +0000] "GET /solr/drupal6_search_node/select?sort=node_created+asc&version=1.2&wt=json&json.nl=map&q=%5B%2A+TO+%2A%5D&start=0&rows=2 HTTP/1.0" 200 87 
0:0:0:0:0:0:0:1%0 -  -  [17/07/2010:18:37:37 +0000] "GET /solr/drupal6_search_node/select?facet=true&facet.mincount=1&facet.field=node_type&facet.field=users_name&facet.date=node_created&f.node_created.facet.limit=5&f.node_created.facet.date.gap=%2B1MONTH&f.node_type.facet.limit=5&f.users_name.facet.limit=5&version=1.2&wt=json&json.nl=map&q=%5B%2A+TO+%2A%5D&start=0&rows=1 HTTP/1.0" 200 2449 
0:0:0:0:0:0:0:1%0 -  -  [17/07/2010:18:37:37 +0000] "GET /solr/drupal6_search_node/select?sort=score+desc&version=1.2&wt=json&json.nl=map&q=%5B%2A+TO+%2A%5D+nid%3A%281+OR+2+OR+3+OR+4+OR+5+OR+6+OR+7+OR+8+OR+9+OR+10+OR+11+OR+12+OR+13+OR+14+OR+15+OR+16+OR+17+OR+18+OR+19+OR+20+OR+21+OR+22+OR+23+OR+24+OR+25+OR+26+OR+27+OR+28+OR+29+OR+30+OR+31+OR+32+OR+33+OR+34+OR+35+OR+36+OR+37+OR+38+OR+39+OR+40+OR+41+OR+42+OR+43+OR+44+OR+45+OR+46+OR+47+OR+48+OR+49+OR+50+OR+51+OR+52+OR+53+OR+54+OR+55+OR+56+OR+57+OR+58+OR+59+OR+60+OR+61+OR+62+OR+63+OR+64+OR+65+OR+66+OR+67+OR+68+OR+69+OR+70+OR+71+OR+72+OR+73+OR+74+OR+75+OR+76+OR+77+OR+78+OR+79+OR+80+OR+81+OR+82+OR+83+OR+84+OR+85+OR+86+OR+87+OR+88+OR+89+OR+90+OR+91%29&start=0&rows=1000 HTTP/1.0" 200 88 
0:0:0:0:0:0:0:1%0 -  -  [17/07/2010:18:37:37 +0000] "GET /solr/drupal6_search_node/select?sort=node_created+desc&version=1.2&wt=json&json.nl=map&q=%5B%2A+TO+%2A%5D+nid%3A%281+OR+2+OR+3+OR+4+OR+5+OR+6+OR+7+OR+8+OR+9+OR+10+OR+11+OR+12+OR+13+OR+14+OR+15+OR+16+OR+17+OR+18+OR+19+OR+20+OR+21+OR+22+OR+23+OR+24+OR+25+OR+26+OR+27+OR+28+OR+29+OR+30+OR+31+OR+32+OR+33+OR+34+OR+35+OR+36+OR+37+OR+38+OR+39+OR+40+OR+41+OR+42+OR+43+OR+44+OR+45+OR+46+OR+47+OR+48+OR+49+OR+50+OR+51+OR+52+OR+53+OR+54+OR+55+OR+56+OR+57+OR+58+OR+59+OR+60+OR+61+OR+62+OR+63+OR+64+OR+65+OR+66+OR+67+OR+68+OR+69+OR+70+OR+71+OR+72+OR+73+OR+74+OR+75+OR+76+OR+77+OR+78+OR+79+OR+80+OR+81+OR+82+OR+83+OR+84+OR+85+OR+86+OR+87+OR+88+OR+89+OR+90+OR+91%29&start=0&rows=2 HTTP/1.0" 200 88 
0:0:0:0:0:0:0:1%0 -  -  [17/07/2010:18:37:37 +0000] "GET /solr/drupal6_search_node/select?sort=node_created+asc&version=1.2&wt=json&json.nl=map&q=%5B%2A+TO+%2A%5D+nid%3A%281+OR+2+OR+3+OR+4+OR+5+OR+6+OR+7+OR+8+OR+9+OR+10+OR+11+OR+12+OR+13+OR+14+OR+15+OR+16+OR+17+OR+18+OR+19+OR+20+OR+21+OR+22+OR+23+OR+24+OR+25+OR+26+OR+27+OR+28+OR+29+OR+30+OR+31+OR+32+OR+33+OR+34+OR+35+OR+36+OR+37+OR+38+OR+39+OR+40+OR+41+OR+42+OR+43+OR+44+OR+45+OR+46+OR+47+OR+48+OR+49+OR+50+OR+51+OR+52+OR+53+OR+54+OR+55+OR+56+OR+57+OR+58+OR+59+OR+60+OR+61+OR+62+OR+63+OR+64+OR+65+OR+66+OR+67+OR+68+OR+69+OR+70+OR+71+OR+72+OR+73+OR+74+OR+75+OR+76+OR+77+OR+78+OR+79+OR+80+OR+81+OR+82+OR+83+OR+84+OR+85+OR+86+OR+87+OR+88+OR+89+OR+90+OR+91%29&start=0&rows=2 HTTP/1.0" 200 88 
0:0:0:0:0:0:0:1%0 -  -  [17/07/2010:18:37:37 +0000] "GET /solr/drupal6_search_node/select?sort=node_created+desc&version=1.2&wt=json&json.nl=map&q=%5B%2A+TO+%2A%5D+nid%3A%281+OR+2+OR+3+OR+4+OR+5+OR+6+OR+7+OR+8+OR+9+OR+10+OR+11+OR+12+OR+13+OR+14+OR+15+OR+16+OR+17+OR+18+OR+19+OR+20+OR+21+OR+22+OR+23+OR+24+OR+25+OR+26+OR+27+OR+28+OR+29+OR+30+OR+31+OR+32+OR+33+OR+34+OR+35+OR+36+OR+37+OR+38+OR+39+OR+40+OR+41+OR+42+OR+43+OR+44+OR+45+OR+46+OR+47+OR+48+OR+49+OR+50+OR+51+OR+52+OR+53+OR+54+OR+55+OR+56+OR+57+OR+58+OR+59+OR+60+OR+61+OR+62+OR+63+OR+64+OR+65+OR+66+OR+67+OR+68+OR+69+OR+70+OR+71+OR+72+OR+73+OR+74+OR+75+OR+76+OR+77+OR+78+OR+79+OR+80+OR+81+OR+82+OR+83+OR+84+OR+85+OR+86+OR+87+OR+88+OR+89+OR+90+OR+91%29&start=0&rows=2 HTTP/1.0" 200 88 
0:0:0:0:0:0:0:1%0 -  -  [17/07/2010:18:37:37 +0000] "GET /solr/drupal6_search_node/select?sort=node_created+asc&version=1.2&wt=json&json.nl=map&q=%5B%2A+TO+%2A%5D+nid%3A%281+OR+2+OR+3+OR+4+OR+5+OR+6+OR+7+OR+8+OR+9+OR+10+OR+11+OR+12+OR+13+OR+14+OR+15+OR+16+OR+17+OR+18+OR+19+OR+20+OR+21+OR+22+OR+23+OR+24+OR+25+OR+26+OR+27+OR+28+OR+29+OR+30+OR+31+OR+32+OR+33+OR+34+OR+35+OR+36+OR+37+OR+38+OR+39+OR+40+OR+41+OR+42+OR+43+OR+44+OR+45+OR+46+OR+47+OR+48+OR+49+OR+50+OR+51+OR+52+OR+53+OR+54+OR+55+OR+56+OR+57+OR+58+OR+59+OR+60+OR+61+OR+62+OR+63+OR+64+OR+65+OR+66+OR+67+OR+68+OR+69+OR+70+OR+71+OR+72+OR+73+OR+74+OR+75+OR+76+OR+77+OR+78+OR+79+OR+80+OR+81+OR+82+OR+83+OR+84+OR+85+OR+86+OR+87+OR+88+OR+89+OR+90+OR+91%29&start=0&rows=2 HTTP/1.0" 200 88 
0:0:0:0:0:0:0:1%0 -  -  [17/07/2010:18:37:37 +0000] "GET /solr/drupal6_search_node/select?facet=true&facet.mincount=1&facet.field=node_type&facet.field=users_name&facet.field=node_type&facet.field=users_name&facet.date=node_created&facet.date=node_created&f.node_created.facet.limit=5&f.node_created.facet.date.gap=%2B1MONTH&f.node_type.facet.limit=5&f.users_name.facet.limit=5&version=1.2&wt=json&json.nl=map&q=%5B%2A+TO+%2A%5D+nid%3A%281+OR+2+OR+3+OR+4+OR+5+OR+6+OR+7+OR+8+OR+9+OR+10+OR+11+OR+12+OR+13+OR+14+OR+15+OR+16+OR+17+OR+18+OR+19+OR+20+OR+21+OR+22+OR+23+OR+24+OR+25+OR+26+OR+27+OR+28+OR+29+OR+30+OR+31+OR+32+OR+33+OR+34+OR+35+OR+36+OR+37+OR+38+OR+39+OR+40+OR+41+OR+42+OR+43+OR+44+OR+45+OR+46+OR+47+OR+48+OR+49+OR+50+OR+51+OR+52+OR+53+OR+54+OR+55+OR+56+OR+57+OR+58+OR+59+OR+60+OR+61+OR+62+OR+63+OR+64+OR+65+OR+66+OR+67+OR+68+OR+69+OR+70+OR+71+OR+72+OR+73+OR+74+OR+75+OR+76+OR+77+OR+78+OR+79+OR+80+OR+81+OR+82+OR+83+OR+84+OR+85+OR+86+OR+87+OR+88+OR+89+OR+90+OR+91%29&start=0&rows=1 HTTP/1.0" 200 2481 
0:0:0:0:0:0:0:1%0 -  -  [17/07/2010:18:37:37 +0000] "POST /solr/drupal6_search_node/update?wt=json HTTP/1.0" 200 42 
0:0:0:0:0:0:0:1%0 -  -  [17/07/2010:18:37:37 +0000] "POST /solr/drupal6_search_node/update?wt=json HTTP/1.0" 200 42 
0:0:0:0:0:0:0:1%0 -  -  [17/07/2010:18:53:56 +0000] "GET /solr/drupal6_search_node/select?sort=score+desc&version=1.2&wt=json&json.nl=map&q=%5B%2A+TO+%2A%5D+node_type%3A%22feed_item%22&start=0&rows=10 HTTP/1.0" 200 4155 
0:0:0:0:0:0:0:1%0 -  -  [17/07/2010:18:53:56 +0000] "GET /solr/drupal6_search_node/select?sort=node_created+desc&version=1.2&wt=json&json.nl=map&q=%5B%2A+TO+%2A%5D+node_type%3A%22feed_item%22&start=0&rows=2 HTTP/1.0" 200 1007 
0:0:0:0:0:0:0:1%0 -  -  [17/07/2010:18:53:56 +0000] "GET /solr/drupal6_search_node/select?sort=node_created+asc&version=1.2&wt=json&json.nl=map&q=%5B%2A+TO+%2A%5D+node_type%3A%22feed_item%22&start=0&rows=2 HTTP/1.0" 200 1030 
0:0:0:0:0:0:0:1%0 -  -  [17/07/2010:18:53:56 +0000] "GET /solr/drupal6_search_node/select?facet=true&facet.mincount=1&facet.field=node_type&facet.field=users_name&facet.date=node_created&f.node_created.facet.limit=5&f.node_created.facet.date.start=2010-07-16T02%3A37%3A09Z&f.node_created.facet.date.end=2010-07-17T18%3A01%3A54Z&f.node_created.facet.date.gap=%2B1MONTH&f.node_type.facet.limit=5&f.users_name.facet.limit=5&version=1.2&wt=json&json.nl=map&q=%5B%2A+TO+%2A%5D+node_type%3A%22feed_item%22&start=0&rows=1 HTTP/1.0" 200 705 
0:0:0:0:0:0:0:1%0 -  -  [17/07/2010:18:55:10 +0000] "GET /solr/drupal6_search_node/select?sort=score+desc&version=1.2&wt=json&json.nl=map&q=%5B%2A+TO+%2A%5D&start=0&rows=1000 HTTP/1.0" 200 36242 
0:0:0:0:0:0:0:1%0 -  -  [17/07/2010:18:55:10 +0000] "GET /solr/drupal6_search_node/select?sort=node_created+desc&version=1.2&wt=json&json.nl=map&q=%5B%2A+TO+%2A%5D&start=0&rows=2 HTTP/1.0" 200 1007 
0:0:0:0:0:0:0:1%0 -  -  [17/07/2010:18:55:10 +0000] "GET /solr/drupal6_search_node/select?sort=node_created+asc&version=1.2&wt=json&json.nl=map&q=%5B%2A+TO+%2A%5D&start=0&rows=2 HTTP/1.0" 200 1030 
0:0:0:0:0:0:0:1%0 -  -  [17/07/2010:18:55:10 +0000] "GET /solr/drupal6_search_node/select?facet=true&facet.mincount=1&facet.field=node_type&facet.field=users_name&facet.date=node_created&f.node_created.facet.limit=5&f.node_created.facet.date.start=2010-07-16T02%3A37%3A09Z&f.node_created.facet.date.end=2010-07-17T18%3A01%3A54Z&f.node_created.facet.date.gap=%2B1MONTH&f.node_type.facet.limit=5&f.users_name.facet.limit=5&version=1.2&wt=json&json.nl=map&q=%5B%2A+TO+%2A%5D&start=0&rows=1 HTTP/1.0" 200 489 
0:0:0:0:0:0:0:1%0 -  -  [17/07/2010:18:56:22 +0000] "GET /solr/drupal6_search_node/select?sort=score+desc&version=1.2&wt=json&json.nl=map&q=%5B%2A+TO+%2A%5D+node_type%3A%22feed_item%22&start=0&rows=10 HTTP/1.0" 200 4155 
0:0:0:0:0:0:0:1%0 -  -  [17/07/2010:18:56:22 +0000] "GET /solr/drupal6_search_node/select?sort=node_created+desc&version=1.2&wt=json&json.nl=map&q=%5B%2A+TO+%2A%5D+node_type%3A%22feed_item%22&start=0&rows=2 HTTP/1.0" 200 1007 
0:0:0:0:0:0:0:1%0 -  -  [17/07/2010:18:56:22 +0000] "GET /solr/drupal6_search_node/select?sort=node_created+asc&version=1.2&wt=json&json.nl=map&q=%5B%2A+TO+%2A%5D+node_type%3A%22feed_item%22&start=0&rows=2 HTTP/1.0" 200 1030 
0:0:0:0:0:0:0:1%0 -  -  [17/07/2010:18:56:22 +0000] "GET /solr/drupal6_search_node/select?facet=true&facet.mincount=1&facet.field=node_type&facet.field=users_name&facet.date=node_created&f.node_created.facet.limit=5&f.node_created.facet.date.start=2010-07-16T02%3A37%3A09Z&f.node_created.facet.date.end=2010-07-17T18%3A01%3A54Z&f.node_created.facet.date.gap=%2B1MONTH&f.node_type.facet.limit=5&f.users_name.facet.limit=5&version=1.2&wt=json&json.nl=map&q=%5B%2A+TO+%2A%5D+node_type%3A%22feed_item%22&start=0&rows=1 HTTP/1.0" 200 704 
0:0:0:0:0:0:0:1%0 -  -  [17/07/2010:18:56:26 +0000] "GET /solr/drupal6_search_node/select?sort=score+desc&version=1.2&wt=json&json.nl=map&q=%5B%2A+TO+%2A%5D&start=0&rows=1000 HTTP/1.0" 200 36243 
0:0:0:0:0:0:0:1%0 -  -  [17/07/2010:18:56:26 +0000] "GET /solr/drupal6_search_node/select?sort=node_created+desc&version=1.2&wt=json&json.nl=map&q=%5B%2A+TO+%2A%5D&start=0&rows=2 HTTP/1.0" 200 1007 
0:0:0:0:0:0:0:1%0 -  -  [17/07/2010:18:56:26 +0000] "GET /solr/drupal6_search_node/select?sort=node_created+asc&version=1.2&wt=json&json.nl=map&q=%5B%2A+TO+%2A%5D&start=0&rows=2 HTTP/1.0" 200 1030 
0:0:0:0:0:0:0:1%0 -  -  [17/07/2010:18:56:26 +0000] "GET /solr/drupal6_search_node/select?facet=true&facet.mincount=1&facet.field=node_type&facet.field=users_name&facet.date=node_created&f.node_created.facet.limit=5&f.node_created.facet.date.start=2010-07-16T02%3A37%3A09Z&f.node_created.facet.date.end=2010-07-17T18%3A01%3A54Z&f.node_created.facet.date.gap=%2B1MONTH&f.node_type.facet.limit=5&f.users_name.facet.limit=5&version=1.2&wt=json&json.nl=map&q=%5B%2A+TO+%2A%5D&start=0&rows=1 HTTP/1.0" 200 489 
0:0:0:0:0:0:0:1%0 -  -  [17/07/2010:18:56:42 +0000] "GET /solr/drupal6_search_node/select?sort=score+desc&version=1.2&wt=json&json.nl=map&q=%5B%2A+TO+%2A%5D+node_type%3A%22feed_item%22&start=0&rows=10 HTTP/1.0" 200 4155 
0:0:0:0:0:0:0:1%0 -  -  [17/07/2010:18:56:42 +0000] "GET /solr/drupal6_search_node/select?sort=node_created+desc&version=1.2&wt=json&json.nl=map&q=%5B%2A+TO+%2A%5D+node_type%3A%22feed_item%22&start=0&rows=2 HTTP/1.0" 200 1007 
0:0:0:0:0:0:0:1%0 -  -  [17/07/2010:18:56:42 +0000] "GET /solr/drupal6_search_node/select?sort=node_created+asc&version=1.2&wt=json&json.nl=map&q=%5B%2A+TO+%2A%5D+node_type%3A%22feed_item%22&start=0&rows=2 HTTP/1.0" 200 1030 
0:0:0:0:0:0:0:1%0 -  -  [17/07/2010:18:56:42 +0000] "GET /solr/drupal6_search_node/select?facet=true&facet.mincount=1&facet.field=node_type&facet.field=users_name&facet.date=node_created&f.node_created.facet.limit=5&f.node_created.facet.date.start=2010-07-16T02%3A37%3A09Z&f.node_created.facet.date.end=2010-07-17T18%3A01%3A54Z&f.node_created.facet.date.gap=%2B1MONTH&f.node_type.facet.limit=5&f.users_name.facet.limit=5&version=1.2&wt=json&json.nl=map&q=%5B%2A+TO+%2A%5D+node_type%3A%22feed_item%22&start=0&rows=1 HTTP/1.0" 200 704 
0:0:0:0:0:0:0:1%0 -  -  [17/07/2010:18:56:59 +0000] "GET /solr/drupal6_search_node/select?sort=score+desc&version=1.2&wt=json&json.nl=map&q=%5B%2A+TO+%2A%5D&start=0&rows=1000 HTTP/1.0" 200 36242 
0:0:0:0:0:0:0:1%0 -  -  [17/07/2010:18:56:59 +0000] "GET /solr/drupal6_search_node/select?sort=node_created+desc&version=1.2&wt=json&json.nl=map&q=%5B%2A+TO+%2A%5D&start=0&rows=2 HTTP/1.0" 200 1007 
0:0:0:0:0:0:0:1%0 -  -  [17/07/2010:18:56:59 +0000] "GET /solr/drupal6_search_node/select?sort=node_created+asc&version=1.2&wt=json&json.nl=map&q=%5B%2A+TO+%2A%5D&start=0&rows=2 HTTP/1.0" 200 1030 
0:0:0:0:0:0:0:1%0 -  -  [17/07/2010:18:56:59 +0000] "GET /solr/drupal6_search_node/select?facet=true&facet.mincount=1&facet.field=node_type&facet.field=users_name&facet.date=node_created&f.node_created.facet.limit=5&f.node_created.facet.date.start=2010-07-16T02%3A37%3A09Z&f.node_created.facet.date.end=2010-07-17T18%3A01%3A54Z&f.node_created.facet.date.gap=%2B1MONTH&f.node_type.facet.limit=5&f.users_name.facet.limit=5&version=1.2&wt=json&json.nl=map&q=%5B%2A+TO+%2A%5D&start=0&rows=1 HTTP/1.0" 200 489 
0:0:0:0:0:0:0:1%0 -  -  [17/07/2010:18:58:03 +0000] "GET /solr/drupal6_search_node/select?sort=score+desc&version=1.2&wt=json&json.nl=map&q=%5B%2A+TO+%2A%5D&start=0&rows=1000 HTTP/1.0" 200 36242 
0:0:0:0:0:0:0:1%0 -  -  [17/07/2010:18:58:03 +0000] "GET /solr/drupal6_search_node/select?sort=node_created+desc&version=1.2&wt=json&json.nl=map&q=%5B%2A+TO+%2A%5D&start=0&rows=2 HTTP/1.0" 200 1007 
0:0:0:0:0:0:0:1%0 -  -  [17/07/2010:18:58:03 +0000] "GET /solr/drupal6_search_node/select?sort=node_created+asc&version=1.2&wt=json&json.nl=map&q=%5B%2A+TO+%2A%5D&start=0&rows=2 HTTP/1.0" 200 1030 
0:0:0:0:0:0:0:1%0 -  -  [17/07/2010:18:58:03 +0000] "GET /solr/drupal6_search_node/select?facet=true&facet.mincount=1&facet.field=node_type&facet.field=users_name&facet.date=node_created&f.node_created.facet.limit=5&f.node_created.facet.date.start=2010-07-16T02%3A37%3A09Z&f.node_created.facet.date.end=2010-07-17T18%3A01%3A54Z&f.node_created.facet.date.gap=%2B1MONTH&f.node_type.facet.limit=5&f.users_name.facet.limit=5&version=1.2&wt=json&json.nl=map&q=%5B%2A+TO+%2A%5D&start=0&rows=1 HTTP/1.0" 200 489 
0:0:0:0:0:0:0:1%0 -  -  [17/07/2010:18:58:14 +0000] "GET /solr/drupal6_search_node/select?sort=score+desc&version=1.2&wt=json&json.nl=map&q=%5B%2A+TO+%2A%5D&start=0&rows=1000 HTTP/1.0" 200 36242 
0:0:0:0:0:0:0:1%0 -  -  [17/07/2010:18:58:14 +0000] "GET /solr/drupal6_search_node/select?sort=node_created+desc&version=1.2&wt=json&json.nl=map&q=%5B%2A+TO+%2A%5D&start=0&rows=2 HTTP/1.0" 200 1007 
0:0:0:0:0:0:0:1%0 -  -  [17/07/2010:18:58:14 +0000] "GET /solr/drupal6_search_node/select?sort=node_created+asc&version=1.2&wt=json&json.nl=map&q=%5B%2A+TO+%2A%5D&start=0&rows=2 HTTP/1.0" 200 1030 
0:0:0:0:0:0:0:1%0 -  -  [17/07/2010:18:58:14 +0000] "GET /solr/drupal6_search_node/select?facet=true&facet.mincount=1&facet.field=node_type&facet.field=users_name&facet.date=node_created&f.node_created.facet.limit=5&f.node_created.facet.date.start=2010-07-16T02%3A37%3A09Z&f.node_created.facet.date.end=2010-07-17T18%3A01%3A54Z&f.node_created.facet.date.gap=%2B1MONTH&f.node_type.facet.limit=5&f.users_name.facet.limit=5&version=1.2&wt=json&json.nl=map&q=%5B%2A+TO+%2A%5D&start=0&rows=1 HTTP/1.0" 200 490 
0:0:0:0:0:0:0:1%0 -  -  [17/07/2010:18:58:21 +0000] "GET /solr/drupal6_search_node/select?sort=score+desc&version=1.2&wt=json&json.nl=map&q=%5B%2A+TO+%2A%5D+node_type%3A%22feed_item%22&start=0&rows=1000 HTTP/1.0" 200 36074 
0:0:0:0:0:0:0:1%0 -  -  [17/07/2010:18:58:21 +0000] "GET /solr/drupal6_search_node/select?sort=node_created+desc&version=1.2&wt=json&json.nl=map&q=%5B%2A+TO+%2A%5D+node_type%3A%22feed_item%22&start=0&rows=2 HTTP/1.0" 200 1007 
0:0:0:0:0:0:0:1%0 -  -  [17/07/2010:18:58:21 +0000] "GET /solr/drupal6_search_node/select?sort=node_created+asc&version=1.2&wt=json&json.nl=map&q=%5B%2A+TO+%2A%5D+node_type%3A%22feed_item%22&start=0&rows=2 HTTP/1.0" 200 1030 
0:0:0:0:0:0:0:1%0 -  -  [17/07/2010:18:58:21 +0000] "GET /solr/drupal6_search_node/select?facet=true&facet.mincount=1&facet.field=node_type&facet.field=users_name&facet.date=node_created&f.node_created.facet.limit=5&f.node_created.facet.date.start=2010-07-16T02%3A37%3A09Z&f.node_created.facet.date.end=2010-07-17T18%3A01%3A54Z&f.node_created.facet.date.gap=%2B1MONTH&f.node_type.facet.limit=5&f.users_name.facet.limit=5&version=1.2&wt=json&json.nl=map&q=%5B%2A+TO+%2A%5D+node_type%3A%22feed_item%22&start=0&rows=1 HTTP/1.0" 200 704 
0:0:0:0:0:0:0:1%0 -  -  [17/07/2010:18:58:52 +0000] "GET /solr/drupal6_search_node/select?sort=score+desc&version=1.2&wt=json&json.nl=map&q=%5B%2A+TO+%2A%5D&start=0&rows=1000 HTTP/1.0" 200 36242 
0:0:0:0:0:0:0:1%0 -  -  [17/07/2010:18:58:52 +0000] "GET /solr/drupal6_search_node/select?sort=node_created+desc&version=1.2&wt=json&json.nl=map&q=%5B%2A+TO+%2A%5D&start=0&rows=2 HTTP/1.0" 200 1007 
0:0:0:0:0:0:0:1%0 -  -  [17/07/2010:18:58:52 +0000] "GET /solr/drupal6_search_node/select?sort=node_created+asc&version=1.2&wt=json&json.nl=map&q=%5B%2A+TO+%2A%5D&start=0&rows=2 HTTP/1.0" 200 1030 
0:0:0:0:0:0:0:1%0 -  -  [17/07/2010:18:58:52 +0000] "GET /solr/drupal6_search_node/select?facet=true&facet.mincount=1&facet.field=node_type&facet.field=users_name&facet.date=node_created&f.node_created.facet.limit=5&f.node_created.facet.date.start=2010-07-16T02%3A37%3A09Z&f.node_created.facet.date.end=2010-07-17T18%3A01%3A54Z&f.node_created.facet.date.gap=%2B1MONTH&f.node_type.facet.limit=5&f.users_name.facet.limit=5&version=1.2&wt=json&json.nl=map&q=%5B%2A+TO+%2A%5D&start=0&rows=1 HTTP/1.0" 200 489 
0:0:0:0:0:0:0:1%0 -  -  [17/07/2010:18:59:05 +0000] "GET /solr/drupal6_search_node/select?sort=score+desc&version=1.2&wt=json&json.nl=map&q=%5B%2A+TO+%2A%5D+node_type%3A%22feed_item%22&start=0&rows=1000 HTTP/1.0" 200 36074 
0:0:0:0:0:0:0:1%0 -  -  [17/07/2010:18:59:05 +0000] "GET /solr/drupal6_search_node/select?sort=node_created+desc&version=1.2&wt=json&json.nl=map&q=%5B%2A+TO+%2A%5D+node_type%3A%22feed_item%22&start=0&rows=2 HTTP/1.0" 200 1007 
0:0:0:0:0:0:0:1%0 -  -  [17/07/2010:18:59:05 +0000] "GET /solr/drupal6_search_node/select?sort=node_created+asc&version=1.2&wt=json&json.nl=map&q=%5B%2A+TO+%2A%5D+node_type%3A%22feed_item%22&start=0&rows=2 HTTP/1.0" 200 1030 
0:0:0:0:0:0:0:1%0 -  -  [17/07/2010:18:59:05 +0000] "GET /solr/drupal6_search_node/select?facet=true&facet.mincount=1&facet.field=node_type&facet.field=users_name&facet.date=node_created&f.node_created.facet.limit=5&f.node_created.facet.date.start=2010-07-16T02%3A37%3A09Z&f.node_created.facet.date.end=2010-07-17T18%3A01%3A54Z&f.node_created.facet.date.gap=%2B1MONTH&f.node_type.facet.limit=5&f.users_name.facet.limit=5&version=1.2&wt=json&json.nl=map&q=%5B%2A+TO+%2A%5D+node_type%3A%22feed_item%22&start=0&rows=1 HTTP/1.0" 200 705 
0:0:0:0:0:0:0:1%0 -  -  [17/07/2010:19:00:51 +0000] "GET /solr/drupal6_search_node/select?sort=score+desc&version=1.2&wt=json&json.nl=map&q=%5B%2A+TO+%2A%5D&start=0&rows=1000 HTTP/1.0" 200 36242 
0:0:0:0:0:0:0:1%0 -  -  [17/07/2010:19:00:51 +0000] "GET /solr/drupal6_search_node/select?sort=node_created+desc&version=1.2&wt=json&json.nl=map&q=%5B%2A+TO+%2A%5D&start=0&rows=2 HTTP/1.0" 200 1007 
0:0:0:0:0:0:0:1%0 -  -  [17/07/2010:19:00:51 +0000] "GET /solr/drupal6_search_node/select?sort=node_created+asc&version=1.2&wt=json&json.nl=map&q=%5B%2A+TO+%2A%5D&start=0&rows=2 HTTP/1.0" 200 1030 
0:0:0:0:0:0:0:1%0 -  -  [17/07/2010:19:00:51 +0000] "GET /solr/drupal6_search_node/select?facet=true&facet.mincount=1&facet.field=node_type&facet.field=users_name&facet.date=node_created&f.node_created.facet.limit=5&f.node_created.facet.date.start=2010-07-16T02%3A37%3A09Z&f.node_created.facet.date.end=2010-07-17T18%3A01%3A54Z&f.node_created.facet.date.gap=%2B1MONTH&f.node_type.facet.limit=5&f.users_name.facet.limit=5&version=1.2&wt=json&json.nl=map&q=%5B%2A+TO+%2A%5D&start=0&rows=1 HTTP/1.0" 200 489 
0:0:0:0:0:0:0:1%0 -  -  [17/07/2010:19:01:45 +0000] "GET /solr/drupal6_search_node/select?sort=score+desc&version=1.2&wt=json&json.nl=map&q=%5B%2A+TO+%2A%5D&start=0&rows=1000 HTTP/1.0" 200 36242 
0:0:0:0:0:0:0:1%0 -  -  [17/07/2010:19:01:45 +0000] "GET /solr/drupal6_search_node/select?sort=node_created+desc&version=1.2&wt=json&json.nl=map&q=%5B%2A+TO+%2A%5D&start=0&rows=2 HTTP/1.0" 200 1008 
0:0:0:0:0:0:0:1%0 -  -  [17/07/2010:19:01:45 +0000] "GET /solr/drupal6_search_node/select?sort=node_created+asc&version=1.2&wt=json&json.nl=map&q=%5B%2A+TO+%2A%5D&start=0&rows=2 HTTP/1.0" 200 1030 
0:0:0:0:0:0:0:1%0 -  -  [17/07/2010:19:01:45 +0000] "GET /solr/drupal6_search_node/select?facet=true&facet.mincount=1&facet.field=node_type&facet.field=users_name&facet.date=node_created&f.node_created.facet.limit=5&f.node_created.facet.date.start=2010-07-16T02%3A37%3A09Z&f.node_created.facet.date.end=2010-07-17T18%3A01%3A54Z&f.node_created.facet.date.gap=%2B1MONTH&f.node_type.facet.limit=5&f.users_name.facet.limit=5&version=1.2&wt=json&json.nl=map&q=%5B%2A+TO+%2A%5D&start=0&rows=1 HTTP/1.0" 200 489 
0:0:0:0:0:0:0:1%0 -  -  [17/07/2010:19:01:57 +0000] "GET /solr/drupal6_search_node/select?sort=score+desc&version=1.2&wt=json&json.nl=map&q=%5B%2A+TO+%2A%5D+node_type%3A%22feed_item%22&start=0&rows=1000 HTTP/1.0" 200 36074 
0:0:0:0:0:0:0:1%0 -  -  [17/07/2010:19:01:57 +0000] "GET /solr/drupal6_search_node/select?sort=node_created+desc&version=1.2&wt=json&json.nl=map&q=%5B%2A+TO+%2A%5D+node_type%3A%22feed_item%22&start=0&rows=2 HTTP/1.0" 200 1007 
0:0:0:0:0:0:0:1%0 -  -  [17/07/2010:19:01:57 +0000] "GET /solr/drupal6_search_node/select?sort=node_created+asc&version=1.2&wt=json&json.nl=map&q=%5B%2A+TO+%2A%5D+node_type%3A%22feed_item%22&start=0&rows=2 HTTP/1.0" 200 1030 
0:0:0:0:0:0:0:1%0 -  -  [17/07/2010:19:01:57 +0000] "GET /solr/drupal6_search_node/select?facet=true&facet.mincount=1&facet.field=node_type&facet.field=users_name&facet.date=node_created&f.node_created.facet.limit=5&f.node_created.facet.date.start=2010-07-16T02%3A37%3A09Z&f.node_created.facet.date.end=2010-07-17T18%3A01%3A54Z&f.node_created.facet.date.gap=%2B1MONTH&f.node_type.facet.limit=5&f.users_name.facet.limit=5&version=1.2&wt=json&json.nl=map&q=%5B%2A+TO+%2A%5D+node_type%3A%22feed_item%22&start=0&rows=1 HTTP/1.0" 200 705 
0:0:0:0:0:0:0:1%0 -  -  [17/07/2010:19:03:24 +0000] "GET /solr/drupal6_search_node/select?sort=score+desc&version=1.2&wt=json&json.nl=map&q=%5B%2A+TO+%2A%5D&start=0&rows=1000 HTTP/1.0" 200 36242 
0:0:0:0:0:0:0:1%0 -  -  [17/07/2010:19:03:24 +0000] "GET /solr/drupal6_search_node/select?sort=node_created+desc&version=1.2&wt=json&json.nl=map&q=%5B%2A+TO+%2A%5D&start=0&rows=2 HTTP/1.0" 200 1007 
0:0:0:0:0:0:0:1%0 -  -  [17/07/2010:19:03:24 +0000] "GET /solr/drupal6_search_node/select?sort=node_created+asc&version=1.2&wt=json&json.nl=map&q=%5B%2A+TO+%2A%5D&start=0&rows=2 HTTP/1.0" 200 1030 
0:0:0:0:0:0:0:1%0 -  -  [17/07/2010:19:03:24 +0000] "GET /solr/drupal6_search_node/select?facet=true&facet.mincount=1&facet.field=node_type&facet.field=users_name&facet.date=node_created&f.node_created.facet.limit=5&f.node_created.facet.date.start=2010-07-16T02%3A37%3A09Z&f.node_created.facet.date.end=2010-07-17T18%3A01%3A54Z&f.node_created.facet.date.gap=%2B1MONTH&f.node_type.facet.limit=5&f.users_name.facet.limit=5&version=1.2&wt=json&json.nl=map&q=%5B%2A+TO+%2A%5D&start=0&rows=1 HTTP/1.0" 200 489 
0:0:0:0:0:0:0:1%0 -  -  [17/07/2010:19:03:35 +0000] "GET /solr/drupal6_search_node/select?sort=score+desc&version=1.2&wt=json&json.nl=map&q=%5B%2A+TO+%2A%5D+node_type%3A%22feed_item%22&start=0&rows=10 HTTP/1.0" 200 4155 
0:0:0:0:0:0:0:1%0 -  -  [17/07/2010:19:03:35 +0000] "GET /solr/drupal6_search_node/select?sort=node_created+desc&version=1.2&wt=json&json.nl=map&q=%5B%2A+TO+%2A%5D+node_type%3A%22feed_item%22&start=0&rows=2 HTTP/1.0" 200 1007 
0:0:0:0:0:0:0:1%0 -  -  [17/07/2010:19:03:35 +0000] "GET /solr/drupal6_search_node/select?sort=node_created+asc&version=1.2&wt=json&json.nl=map&q=%5B%2A+TO+%2A%5D+node_type%3A%22feed_item%22&start=0&rows=2 HTTP/1.0" 200 1030 
0:0:0:0:0:0:0:1%0 -  -  [17/07/2010:19:03:35 +0000] "GET /solr/drupal6_search_node/select?facet=true&facet.mincount=1&facet.field=node_type&facet.field=users_name&facet.date=node_created&f.node_created.facet.limit=5&f.node_created.facet.date.start=2010-07-16T02%3A37%3A09Z&f.node_created.facet.date.end=2010-07-17T18%3A01%3A54Z&f.node_created.facet.date.gap=%2B1MONTH&f.node_type.facet.limit=5&f.users_name.facet.limit=5&version=1.2&wt=json&json.nl=map&q=%5B%2A+TO+%2A%5D+node_type%3A%22feed_item%22&start=0&rows=1 HTTP/1.0" 200 705 
0:0:0:0:0:0:0:1%0 -  -  [17/07/2010:19:04:31 +0000] "GET /solr/drupal6_search_node/select?sort=score+desc&version=1.2&wt=json&json.nl=map&q=%5B%2A+TO+%2A%5D&start=0&rows=1000 HTTP/1.0" 200 36242 
0:0:0:0:0:0:0:1%0 -  -  [17/07/2010:19:04:31 +0000] "GET /solr/drupal6_search_node/select?sort=node_created+desc&version=1.2&wt=json&json.nl=map&q=%5B%2A+TO+%2A%5D&start=0&rows=2 HTTP/1.0" 200 1007 
0:0:0:0:0:0:0:1%0 -  -  [17/07/2010:19:04:31 +0000] "GET /solr/drupal6_search_node/select?sort=node_created+asc&version=1.2&wt=json&json.nl=map&q=%5B%2A+TO+%2A%5D&start=0&rows=2 HTTP/1.0" 200 1030 
0:0:0:0:0:0:0:1%0 -  -  [17/07/2010:19:04:31 +0000] "GET /solr/drupal6_search_node/select?facet=true&facet.mincount=1&facet.field=node_type&facet.field=users_name&facet.date=node_created&f.node_created.facet.limit=5&f.node_created.facet.date.start=2010-07-16T02%3A37%3A09Z&f.node_created.facet.date.end=2010-07-17T18%3A01%3A54Z&f.node_created.facet.date.gap=%2B1MONTH&f.node_type.facet.limit=5&f.users_name.facet.limit=5&version=1.2&wt=json&json.nl=map&q=%5B%2A+TO+%2A%5D&start=0&rows=1 HTTP/1.0" 200 489 
0:0:0:0:0:0:0:1%0 -  -  [17/07/2010:19:04:40 +0000] "GET /solr/drupal6_search_node/select?sort=score+desc&version=1.2&wt=json&json.nl=map&q=%5B%2A+TO+%2A%5D+node_type%3A%22feed_item%22&start=0&rows=10 HTTP/1.0" 200 4156 
0:0:0:0:0:0:0:1%0 -  -  [17/07/2010:19:04:40 +0000] "GET /solr/drupal6_search_node/select?sort=node_created+desc&version=1.2&wt=json&json.nl=map&q=%5B%2A+TO+%2A%5D+node_type%3A%22feed_item%22&start=0&rows=2 HTTP/1.0" 200 1007 
0:0:0:0:0:0:0:1%0 -  -  [17/07/2010:19:04:40 +0000] "GET /solr/drupal6_search_node/select?sort=node_created+asc&version=1.2&wt=json&json.nl=map&q=%5B%2A+TO+%2A%5D+node_type%3A%22feed_item%22&start=0&rows=2 HTTP/1.0" 200 1030 
0:0:0:0:0:0:0:1%0 -  -  [17/07/2010:19:04:40 +0000] "GET /solr/drupal6_search_node/select?facet=true&facet.mincount=1&facet.field=node_type&facet.field=users_name&facet.date=node_created&f.node_created.facet.limit=5&f.node_created.facet.date.start=2010-07-16T02%3A37%3A09Z&f.node_created.facet.date.end=2010-07-17T18%3A01%3A54Z&f.node_created.facet.date.gap=%2B1MONTH&f.node_type.facet.limit=5&f.users_name.facet.limit=5&version=1.2&wt=json&json.nl=map&q=%5B%2A+TO+%2A%5D+node_type%3A%22feed_item%22&start=0&rows=1 HTTP/1.0" 200 704 
0:0:0:0:0:0:0:1%0 -  -  [17/07/2010:19:05:32 +0000] "GET /solr/drupal6_search_node/select?sort=score+desc&version=1.2&wt=json&json.nl=map&q=%5B%2A+TO+%2A%5D&start=0&rows=1000 HTTP/1.0" 200 36242 
0:0:0:0:0:0:0:1%0 -  -  [17/07/2010:19:05:32 +0000] "GET /solr/drupal6_search_node/select?sort=node_created+desc&version=1.2&wt=json&json.nl=map&q=%5B%2A+TO+%2A%5D&start=0&rows=2 HTTP/1.0" 200 1007 
0:0:0:0:0:0:0:1%0 -  -  [17/07/2010:19:05:32 +0000] "GET /solr/drupal6_search_node/select?sort=node_created+asc&version=1.2&wt=json&json.nl=map&q=%5B%2A+TO+%2A%5D&start=0&rows=2 HTTP/1.0" 200 1030 
0:0:0:0:0:0:0:1%0 -  -  [17/07/2010:19:05:32 +0000] "GET /solr/drupal6_search_node/select?facet=true&facet.mincount=1&facet.field=node_type&facet.field=users_name&facet.date=node_created&f.node_created.facet.limit=5&f.node_created.facet.date.start=2010-07-16T02%3A37%3A09Z&f.node_created.facet.date.end=2010-07-17T18%3A01%3A54Z&f.node_created.facet.date.gap=%2B1MONTH&f.node_type.facet.limit=5&f.users_name.facet.limit=5&version=1.2&wt=json&json.nl=map&q=%5B%2A+TO+%2A%5D&start=0&rows=1 HTTP/1.0" 200 490 
0:0:0:0:0:0:0:1%0 -  -  [17/07/2010:19:05:42 +0000] "GET /solr/drupal6_search_node/select?sort=score+desc&version=1.2&wt=json&json.nl=map&q=%5B%2A+TO+%2A%5D+node_type%3A%22feed_item%22&start=0&rows=10 HTTP/1.0" 200 4155 
0:0:0:0:0:0:0:1%0 -  -  [17/07/2010:19:05:42 +0000] "GET /solr/drupal6_search_node/select?sort=node_created+desc&version=1.2&wt=json&json.nl=map&q=%5B%2A+TO+%2A%5D+node_type%3A%22feed_item%22&start=0&rows=2 HTTP/1.0" 200 1007 
0:0:0:0:0:0:0:1%0 -  -  [17/07/2010:19:05:42 +0000] "GET /solr/drupal6_search_node/select?sort=node_created+asc&version=1.2&wt=json&json.nl=map&q=%5B%2A+TO+%2A%5D+node_type%3A%22feed_item%22&start=0&rows=2 HTTP/1.0" 200 1030 
0:0:0:0:0:0:0:1%0 -  -  [17/07/2010:19:05:42 +0000] "GET /solr/drupal6_search_node/select?facet=true&facet.mincount=1&facet.field=node_type&facet.field=users_name&facet.date=node_created&f.node_created.facet.limit=5&f.node_created.facet.date.start=2010-07-16T02%3A37%3A09Z&f.node_created.facet.date.end=2010-07-17T18%3A01%3A54Z&f.node_created.facet.date.gap=%2B1MONTH&f.node_type.facet.limit=5&f.users_name.facet.limit=5&version=1.2&wt=json&json.nl=map&q=%5B%2A+TO+%2A%5D+node_type%3A%22feed_item%22&start=0&rows=1 HTTP/1.0" 200 704 
0:0:0:0:0:0:0:1%0 -  -  [17/07/2010:19:06:48 +0000] "GET /solr/drupal6_search_node/select?sort=score+desc&version=1.2&wt=json&json.nl=map&q=%5B%2A+TO+%2A%5D&start=0&rows=1000 HTTP/1.0" 200 36242 
0:0:0:0:0:0:0:1%0 -  -  [17/07/2010:19:06:48 +0000] "GET /solr/drupal6_search_node/select?sort=node_created+desc&version=1.2&wt=json&json.nl=map&q=%5B%2A+TO+%2A%5D&start=0&rows=2 HTTP/1.0" 200 1007 
0:0:0:0:0:0:0:1%0 -  -  [17/07/2010:19:06:48 +0000] "GET /solr/drupal6_search_node/select?sort=node_created+asc&version=1.2&wt=json&json.nl=map&q=%5B%2A+TO+%2A%5D&start=0&rows=2 HTTP/1.0" 200 1030 
0:0:0:0:0:0:0:1%0 -  -  [17/07/2010:19:06:48 +0000] "GET /solr/drupal6_search_node/select?facet=true&facet.mincount=1&facet.field=node_type&facet.field=users_name&facet.date=node_created&f.node_created.facet.limit=5&f.node_created.facet.date.start=2010-07-16T02%3A37%3A09Z&f.node_created.facet.date.end=2010-07-17T18%3A01%3A54Z&f.node_created.facet.date.gap=%2B1MONTH&f.node_type.facet.limit=5&f.users_name.facet.limit=5&version=1.2&wt=json&json.nl=map&q=%5B%2A+TO+%2A%5D&start=0&rows=1 HTTP/1.0" 200 490 
0:0:0:0:0:0:0:1%0 -  -  [17/07/2010:19:07:07 +0000] "GET /solr/drupal6_search_node/select?sort=score+desc&version=1.2&wt=json&json.nl=map&q=%5B%2A+TO+%2A%5D&start=0&rows=1000 HTTP/1.0" 200 36242 
0:0:0:0:0:0:0:1%0 -  -  [17/07/2010:19:07:07 +0000] "GET /solr/drupal6_search_node/select?sort=node_created+desc&version=1.2&wt=json&json.nl=map&q=%5B%2A+TO+%2A%5D&start=0&rows=2 HTTP/1.0" 200 1007 
0:0:0:0:0:0:0:1%0 -  -  [17/07/2010:19:07:07 +0000] "GET /solr/drupal6_search_node/select?sort=node_created+asc&version=1.2&wt=json&json.nl=map&q=%5B%2A+TO+%2A%5D&start=0&rows=2 HTTP/1.0" 200 1030 
0:0:0:0:0:0:0:1%0 -  -  [17/07/2010:19:07:07 +0000] "GET /solr/drupal6_search_node/select?facet=true&facet.mincount=1&facet.field=node_type&facet.field=users_name&facet.date=node_created&f.node_created.facet.limit=5&f.node_created.facet.date.start=2010-07-16T02%3A37%3A09Z&f.node_created.facet.date.end=2010-07-17T18%3A01%3A54Z&f.node_created.facet.date.gap=%2B1MONTH&f.node_type.facet.limit=5&f.users_name.facet.limit=5&version=1.2&wt=json&json.nl=map&q=%5B%2A+TO+%2A%5D&start=0&rows=1 HTTP/1.0" 200 490 
0:0:0:0:0:0:0:1%0 -  -  [17/07/2010:19:07:10 +0000] "GET /solr/drupal6_search_node/select?sort=score+desc&version=1.2&wt=json&json.nl=map&q=%5B%2A+TO+%2A%5D+node_type%3A%22feed_item%22&start=0&rows=10 HTTP/1.0" 200 4155 
0:0:0:0:0:0:0:1%0 -  -  [17/07/2010:19:07:10 +0000] "GET /solr/drupal6_search_node/select?sort=node_created+desc&version=1.2&wt=json&json.nl=map&q=%5B%2A+TO+%2A%5D+node_type%3A%22feed_item%22&start=0&rows=2 HTTP/1.0" 200 1007 
0:0:0:0:0:0:0:1%0 -  -  [17/07/2010:19:07:10 +0000] "GET /solr/drupal6_search_node/select?sort=node_created+asc&version=1.2&wt=json&json.nl=map&q=%5B%2A+TO+%2A%5D+node_type%3A%22feed_item%22&start=0&rows=2 HTTP/1.0" 200 1030 
0:0:0:0:0:0:0:1%0 -  -  [17/07/2010:19:07:10 +0000] "GET /solr/drupal6_search_node/select?facet=true&facet.mincount=1&facet.field=node_type&facet.field=users_name&facet.date=node_created&f.node_created.facet.limit=5&f.node_created.facet.date.start=2010-07-16T02%3A37%3A09Z&f.node_created.facet.date.end=2010-07-17T18%3A01%3A54Z&f.node_created.facet.date.gap=%2B1MONTH&f.node_type.facet.limit=5&f.users_name.facet.limit=5&version=1.2&wt=json&json.nl=map&q=%5B%2A+TO+%2A%5D+node_type%3A%22feed_item%22&start=0&rows=1 HTTP/1.0" 200 704 
0:0:0:0:0:0:0:1%0 -  -  [17/07/2010:19:07:19 +0000] "GET /solr/drupal6_search_node/select?sort=score+desc&version=1.2&wt=json&json.nl=map&q=%5B%2A+TO+%2A%5D+node_type%3A%22feed_item%22&start=0&rows=10 HTTP/1.0" 200 4155 
0:0:0:0:0:0:0:1%0 -  -  [17/07/2010:19:07:19 +0000] "GET /solr/drupal6_search_node/select?sort=node_created+desc&version=1.2&wt=json&json.nl=map&q=%5B%2A+TO+%2A%5D+node_type%3A%22feed_item%22&start=0&rows=2 HTTP/1.0" 200 1007 
0:0:0:0:0:0:0:1%0 -  -  [17/07/2010:19:07:19 +0000] "GET /solr/drupal6_search_node/select?sort=node_created+asc&version=1.2&wt=json&json.nl=map&q=%5B%2A+TO+%2A%5D+node_type%3A%22feed_item%22&start=0&rows=2 HTTP/1.0" 200 1030 
0:0:0:0:0:0:0:1%0 -  -  [17/07/2010:19:07:19 +0000] "GET /solr/drupal6_search_node/select?facet=true&facet.mincount=1&facet.field=node_type&facet.field=users_name&facet.date=node_created&f.node_created.facet.limit=5&f.node_created.facet.date.start=2010-07-16T02%3A37%3A09Z&f.node_created.facet.date.end=2010-07-17T18%3A01%3A54Z&f.node_created.facet.date.gap=%2B1MONTH&f.node_type.facet.limit=5&f.users_name.facet.limit=5&version=1.2&wt=json&json.nl=map&q=%5B%2A+TO+%2A%5D+node_type%3A%22feed_item%22&start=0&rows=1 HTTP/1.0" 200 704 
0:0:0:0:0:0:0:1%0 -  -  [17/07/2010:19:07:46 +0000] "GET /solr/drupal6_search_node/select?sort=score+desc&version=1.2&wt=json&json.nl=map&q=%5B%2A+TO+%2A%5D&start=0&rows=1000 HTTP/1.0" 200 36242 
0:0:0:0:0:0:0:1%0 -  -  [17/07/2010:19:07:46 +0000] "GET /solr/drupal6_search_node/select?sort=node_created+desc&version=1.2&wt=json&json.nl=map&q=%5B%2A+TO+%2A%5D&start=0&rows=2 HTTP/1.0" 200 1007 
0:0:0:0:0:0:0:1%0 -  -  [17/07/2010:19:07:46 +0000] "GET /solr/drupal6_search_node/select?sort=node_created+asc&version=1.2&wt=json&json.nl=map&q=%5B%2A+TO+%2A%5D&start=0&rows=2 HTTP/1.0" 200 1030 
0:0:0:0:0:0:0:1%0 -  -  [17/07/2010:19:07:46 +0000] "GET /solr/drupal6_search_node/select?facet=true&facet.mincount=1&facet.field=node_type&facet.field=users_name&facet.date=node_created&f.node_created.facet.limit=5&f.node_created.facet.date.start=2010-07-16T02%3A37%3A09Z&f.node_created.facet.date.end=2010-07-17T18%3A01%3A54Z&f.node_created.facet.date.gap=%2B1MONTH&f.node_type.facet.limit=5&f.users_name.facet.limit=5&version=1.2&wt=json&json.nl=map&q=%5B%2A+TO+%2A%5D&start=0&rows=1 HTTP/1.0" 200 489 
0:0:0:0:0:0:0:1%0 -  -  [17/07/2010:19:10:17 +0000] "GET /solr/drupal6_search_node/select?sort=score+desc&version=1.2&wt=json&json.nl=map&q=%5B%2A+TO+%2A%5D&start=0&rows=1000 HTTP/1.0" 200 36242 
0:0:0:0:0:0:0:1%0 -  -  [17/07/2010:19:10:17 +0000] "GET /solr/drupal6_search_node/select?sort=node_created+desc&version=1.2&wt=json&json.nl=map&q=%5B%2A+TO+%2A%5D&start=0&rows=2 HTTP/1.0" 200 1007 
0:0:0:0:0:0:0:1%0 -  -  [17/07/2010:19:10:17 +0000] "GET /solr/drupal6_search_node/select?sort=node_created+asc&version=1.2&wt=json&json.nl=map&q=%5B%2A+TO+%2A%5D&start=0&rows=2 HTTP/1.0" 200 1030 
0:0:0:0:0:0:0:1%0 -  -  [17/07/2010:19:10:17 +0000] "GET /solr/drupal6_search_node/select?facet=true&facet.mincount=1&facet.field=node_type&facet.field=users_name&facet.date=node_created&f.node_created.facet.limit=5&f.node_created.facet.date.start=2010-07-16T02%3A37%3A09Z&f.node_created.facet.date.end=2010-07-17T18%3A01%3A54Z&f.node_created.facet.date.gap=%2B1MONTH&f.node_type.facet.limit=5&f.users_name.facet.limit=5&version=1.2&wt=json&json.nl=map&q=%5B%2A+TO+%2A%5D&start=0&rows=1 HTTP/1.0" 200 489 
0:0:0:0:0:0:0:1%0 -  -  [17/07/2010:19:10:17 +0000] "GET /solr/drupal6_search_node/select?sort=score+desc&version=1.2&wt=json&json.nl=map&q=%5B%2A+TO+%2A%5D&start=0&rows=1000 HTTP/1.0" 200 36242 
0:0:0:0:0:0:0:1%0 -  -  [17/07/2010:19:10:17 +0000] "GET /solr/drupal6_search_node/select?sort=node_created+desc&version=1.2&wt=json&json.nl=map&q=%5B%2A+TO+%2A%5D&start=0&rows=2 HTTP/1.0" 200 1007 
0:0:0:0:0:0:0:1%0 -  -  [17/07/2010:19:10:17 +0000] "GET /solr/drupal6_search_node/select?sort=node_created+asc&version=1.2&wt=json&json.nl=map&q=%5B%2A+TO+%2A%5D&start=0&rows=2 HTTP/1.0" 200 1031 
0:0:0:0:0:0:0:1%0 -  -  [17/07/2010:19:10:17 +0000] "GET /solr/drupal6_search_node/select?facet=true&facet.mincount=1&facet.field=node_type&facet.field=users_name&facet.date=node_created&f.node_created.facet.limit=5&f.node_created.facet.date.start=2010-07-16T02%3A37%3A09Z&f.node_created.facet.date.end=2010-07-17T18%3A01%3A54Z&f.node_created.facet.date.gap=%2B1MONTH&f.node_type.facet.limit=5&f.users_name.facet.limit=5&version=1.2&wt=json&json.nl=map&q=%5B%2A+TO+%2A%5D&start=0&rows=1 HTTP/1.0" 200 489 
0:0:0:0:0:0:0:1%0 -  -  [17/07/2010:19:10:20 +0000] "POST /solr/drupal6_search_node/update?wt=json HTTP/1.0" 200 41 
0:0:0:0:0:0:0:1%0 -  -  [17/07/2010:19:10:20 +0000] "POST /solr/drupal6_search_node/update?wt=json HTTP/1.0" 200 42 
0:0:0:0:0:0:0:1%0 -  -  [17/07/2010:19:10:21 +0000] "GET /solr/drupal6_search_node/select?sort=score+desc&version=1.2&wt=json&json.nl=map&q=%5B%2A+TO+%2A%5D&start=0&rows=1000 HTTP/1.0" 200 87 
0:0:0:0:0:0:0:1%0 -  -  [17/07/2010:19:10:21 +0000] "GET /solr/drupal6_search_node/select?sort=node_created+desc&version=1.2&wt=json&json.nl=map&q=%5B%2A+TO+%2A%5D&start=0&rows=2 HTTP/1.0" 200 87 
0:0:0:0:0:0:0:1%0 -  -  [17/07/2010:19:10:21 +0000] "GET /solr/drupal6_search_node/select?sort=node_created+asc&version=1.2&wt=json&json.nl=map&q=%5B%2A+TO+%2A%5D&start=0&rows=2 HTTP/1.0" 200 87 
0:0:0:0:0:0:0:1%0 -  -  [17/07/2010:19:10:21 +0000] "GET /solr/drupal6_search_node/select?facet=true&facet.mincount=1&facet.field=node_type&facet.field=users_name&facet.date=node_created&f.node_created.facet.limit=5&f.node_created.facet.date.gap=%2B1MONTH&f.node_type.facet.limit=5&f.users_name.facet.limit=5&version=1.2&wt=json&json.nl=map&q=%5B%2A+TO+%2A%5D&start=0&rows=1 HTTP/1.0" 200 2449 
0:0:0:0:0:0:0:1%0 -  -  [17/07/2010:19:10:27 +0000] "POST /solr/drupal6_search_node/update?wt=json HTTP/1.0" 200 42 
0:0:0:0:0:0:0:1%0 -  -  [17/07/2010:19:10:27 +0000] "POST /solr/drupal6_search_node/update?wt=json HTTP/1.0" 200 42 
0:0:0:0:0:0:0:1%0 -  -  [17/07/2010:19:10:38 +0000] "GET /solr/drupal6_search_node/select?sort=score+desc&version=1.2&wt=json&json.nl=map&q=%5B%2A+TO+%2A%5D+node_type%3A%22feed_item%22&start=0&rows=10 HTTP/1.0" 200 4156 
0:0:0:0:0:0:0:1%0 -  -  [17/07/2010:19:10:38 +0000] "GET /solr/drupal6_search_node/select?sort=node_created+desc&version=1.2&wt=json&json.nl=map&q=%5B%2A+TO+%2A%5D+node_type%3A%22feed_item%22&start=0&rows=2 HTTP/1.0" 200 1008 
0:0:0:0:0:0:0:1%0 -  -  [17/07/2010:19:10:38 +0000] "GET /solr/drupal6_search_node/select?sort=node_created+asc&version=1.2&wt=json&json.nl=map&q=%5B%2A+TO+%2A%5D+node_type%3A%22feed_item%22&start=0&rows=2 HTTP/1.0" 200 1031 
0:0:0:0:0:0:0:1%0 -  -  [17/07/2010:19:10:38 +0000] "GET /solr/drupal6_search_node/select?facet=true&facet.mincount=1&facet.field=node_type&facet.field=users_name&facet.date=node_created&f.node_created.facet.limit=5&f.node_created.facet.date.start=2010-07-16T02%3A37%3A09Z&f.node_created.facet.date.end=2010-07-17T18%3A01%3A54Z&f.node_created.facet.date.gap=%2B1MONTH&f.node_type.facet.limit=5&f.users_name.facet.limit=5&version=1.2&wt=json&json.nl=map&q=%5B%2A+TO+%2A%5D+node_type%3A%22feed_item%22&start=0&rows=1 HTTP/1.0" 200 705 
0:0:0:0:0:0:0:1%0 -  -  [17/07/2010:19:10:43 +0000] "GET /solr/drupal6_search_node/select?sort=score+desc&version=1.2&wt=json&json.nl=map&q=%5B%2A+TO+%2A%5D&start=0&rows=1000 HTTP/1.0" 200 36243 
0:0:0:0:0:0:0:1%0 -  -  [17/07/2010:19:10:43 +0000] "GET /solr/drupal6_search_node/select?sort=node_created+desc&version=1.2&wt=json&json.nl=map&q=%5B%2A+TO+%2A%5D&start=0&rows=2 HTTP/1.0" 200 1008 
0:0:0:0:0:0:0:1%0 -  -  [17/07/2010:19:10:43 +0000] "GET /solr/drupal6_search_node/select?sort=node_created+asc&version=1.2&wt=json&json.nl=map&q=%5B%2A+TO+%2A%5D&start=0&rows=2 HTTP/1.0" 200 1031 
0:0:0:0:0:0:0:1%0 -  -  [17/07/2010:19:10:43 +0000] "GET /solr/drupal6_search_node/select?facet=true&facet.mincount=1&facet.field=node_type&facet.field=users_name&facet.date=node_created&f.node_created.facet.limit=5&f.node_created.facet.date.start=2010-07-16T02%3A37%3A09Z&f.node_created.facet.date.end=2010-07-17T18%3A01%3A54Z&f.node_created.facet.date.gap=%2B1MONTH&f.node_type.facet.limit=5&f.users_name.facet.limit=5&version=1.2&wt=json&json.nl=map&q=%5B%2A+TO+%2A%5D&start=0&rows=1 HTTP/1.0" 200 490 
0:0:0:0:0:0:0:1%0 -  -  [17/07/2010:19:10:47 +0000] "GET /solr/drupal6_search_node/select?sort=score+desc&version=1.2&wt=json&json.nl=map&q=%5B%2A+TO+%2A%5D+node_type%3A%22feed_item%22&start=0&rows=10 HTTP/1.0" 200 4156 
0:0:0:0:0:0:0:1%0 -  -  [17/07/2010:19:10:47 +0000] "GET /solr/drupal6_search_node/select?sort=node_created+desc&version=1.2&wt=json&json.nl=map&q=%5B%2A+TO+%2A%5D+node_type%3A%22feed_item%22&start=0&rows=2 HTTP/1.0" 200 1008 
0:0:0:0:0:0:0:1%0 -  -  [17/07/2010:19:10:47 +0000] "GET /solr/drupal6_search_node/select?sort=node_created+asc&version=1.2&wt=json&json.nl=map&q=%5B%2A+TO+%2A%5D+node_type%3A%22feed_item%22&start=0&rows=2 HTTP/1.0" 200 1031 
0:0:0:0:0:0:0:1%0 -  -  [17/07/2010:19:10:47 +0000] "GET /solr/drupal6_search_node/select?facet=true&facet.mincount=1&facet.field=node_type&facet.field=users_name&facet.date=node_created&f.node_created.facet.limit=5&f.node_created.facet.date.start=2010-07-16T02%3A37%3A09Z&f.node_created.facet.date.end=2010-07-17T18%3A01%3A54Z&f.node_created.facet.date.gap=%2B1MONTH&f.node_type.facet.limit=5&f.users_name.facet.limit=5&version=1.2&wt=json&json.nl=map&q=%5B%2A+TO+%2A%5D+node_type%3A%22feed_item%22&start=0&rows=1 HTTP/1.0" 200 705 
0:0:0:0:0:0:0:1%0 -  -  [17/07/2010:19:12:14 +0000] "GET /solr/drupal6_search_node/select?sort=score+desc&version=1.2&wt=json&json.nl=map&q=%5B%2A+TO+%2A%5D&start=0&rows=1000 HTTP/1.0" 200 36243 
0:0:0:0:0:0:0:1%0 -  -  [17/07/2010:19:12:14 +0000] "GET /solr/drupal6_search_node/select?sort=node_created+desc&version=1.2&wt=json&json.nl=map&q=%5B%2A+TO+%2A%5D&start=0&rows=2 HTTP/1.0" 200 1008 
0:0:0:0:0:0:0:1%0 -  -  [17/07/2010:19:12:14 +0000] "GET /solr/drupal6_search_node/select?sort=node_created+asc&version=1.2&wt=json&json.nl=map&q=%5B%2A+TO+%2A%5D&start=0&rows=2 HTTP/1.0" 200 1031 
0:0:0:0:0:0:0:1%0 -  -  [17/07/2010:19:12:15 +0000] "GET /solr/drupal6_search_node/select?facet=true&facet.mincount=1&facet.field=node_type&facet.field=users_name&facet.date=node_created&f.node_created.facet.limit=5&f.node_created.facet.date.start=2010-07-16T02%3A37%3A09Z&f.node_created.facet.date.end=2010-07-17T18%3A01%3A54Z&f.node_created.facet.date.gap=%2B1MONTH&f.node_type.facet.limit=5&f.users_name.facet.limit=5&version=1.2&wt=json&json.nl=map&q=%5B%2A+TO+%2A%5D&start=0&rows=1 HTTP/1.0" 200 490 
0:0:0:0:0:0:0:1%0 -  -  [17/07/2010:19:12:48 +0000] "GET /solr/drupal6_search_node/select?sort=score+desc&version=1.2&wt=json&json.nl=map&q=%5B%2A+TO+%2A%5D&start=0&rows=1000 HTTP/1.0" 200 36243 
0:0:0:0:0:0:0:1%0 -  -  [17/07/2010:19:12:48 +0000] "GET /solr/drupal6_search_node/select?sort=node_created+desc&version=1.2&wt=json&json.nl=map&q=%5B%2A+TO+%2A%5D&start=0&rows=2 HTTP/1.0" 200 1008 
0:0:0:0:0:0:0:1%0 -  -  [17/07/2010:19:12:48 +0000] "GET /solr/drupal6_search_node/select?sort=node_created+asc&version=1.2&wt=json&json.nl=map&q=%5B%2A+TO+%2A%5D&start=0&rows=2 HTTP/1.0" 200 1031 
0:0:0:0:0:0:0:1%0 -  -  [17/07/2010:19:12:48 +0000] "GET /solr/drupal6_search_node/select?facet=true&facet.mincount=1&facet.field=node_type&facet.field=users_name&facet.date=node_created&f.node_created.facet.limit=5&f.node_created.facet.date.start=2010-07-16T02%3A37%3A09Z&f.node_created.facet.date.end=2010-07-17T18%3A01%3A54Z&f.node_created.facet.date.gap=%2B1MONTH&f.node_type.facet.limit=5&f.users_name.facet.limit=5&version=1.2&wt=json&json.nl=map&q=%5B%2A+TO+%2A%5D&start=0&rows=1 HTTP/1.0" 200 490 
0:0:0:0:0:0:0:1%0 -  -  [17/07/2010:19:13:14 +0000] "GET /solr/drupal6_search_node/select?sort=score+desc&version=1.2&wt=json&json.nl=map&q=%5B%2A+TO+%2A%5D+node_type%3A%22feed_item%22&start=0&rows=10 HTTP/1.0" 200 4156 
0:0:0:0:0:0:0:1%0 -  -  [17/07/2010:19:13:14 +0000] "GET /solr/drupal6_search_node/select?sort=node_created+desc&version=1.2&wt=json&json.nl=map&q=%5B%2A+TO+%2A%5D+node_type%3A%22feed_item%22&start=0&rows=2 HTTP/1.0" 200 1008 
0:0:0:0:0:0:0:1%0 -  -  [17/07/2010:19:13:14 +0000] "GET /solr/drupal6_search_node/select?sort=node_created+asc&version=1.2&wt=json&json.nl=map&q=%5B%2A+TO+%2A%5D+node_type%3A%22feed_item%22&start=0&rows=2 HTTP/1.0" 200 1031 
0:0:0:0:0:0:0:1%0 -  -  [17/07/2010:19:13:14 +0000] "GET /solr/drupal6_search_node/select?facet=true&facet.mincount=1&facet.field=node_type&facet.field=users_name&facet.date=node_created&f.node_created.facet.limit=5&f.node_created.facet.date.start=2010-07-16T02%3A37%3A09Z&f.node_created.facet.date.end=2010-07-17T18%3A01%3A54Z&f.node_created.facet.date.gap=%2B1MONTH&f.node_type.facet.limit=5&f.users_name.facet.limit=5&version=1.2&wt=json&json.nl=map&q=%5B%2A+TO+%2A%5D+node_type%3A%22feed_item%22&start=0&rows=1 HTTP/1.0" 200 705 
0:0:0:0:0:0:0:1%0 -  -  [17/07/2010:19:14:03 +0000] "GET /solr/drupal6_search_node/select?sort=score+desc&version=1.2&wt=json&json.nl=map&q=%5B%2A+TO+%2A%5D+node_type%3A%22feed_item%22&start=0&rows=10 HTTP/1.0" 200 4156 
0:0:0:0:0:0:0:1%0 -  -  [17/07/2010:19:14:04 +0000] "GET /solr/drupal6_search_node/select?sort=node_created+desc&version=1.2&wt=json&json.nl=map&q=%5B%2A+TO+%2A%5D+node_type%3A%22feed_item%22&start=0&rows=2 HTTP/1.0" 200 1008 
0:0:0:0:0:0:0:1%0 -  -  [17/07/2010:19:14:04 +0000] "GET /solr/drupal6_search_node/select?sort=node_created+asc&version=1.2&wt=json&json.nl=map&q=%5B%2A+TO+%2A%5D+node_type%3A%22feed_item%22&start=0&rows=2 HTTP/1.0" 200 1031 
0:0:0:0:0:0:0:1%0 -  -  [17/07/2010:19:14:04 +0000] "GET /solr/drupal6_search_node/select?facet=true&facet.mincount=1&facet.field=node_type&facet.field=users_name&facet.date=node_created&f.node_created.facet.limit=5&f.node_created.facet.date.start=2010-07-16T02%3A37%3A09Z&f.node_created.facet.date.end=2010-07-17T18%3A01%3A54Z&f.node_created.facet.date.gap=%2B1MONTH&f.node_type.facet.limit=5&f.users_name.facet.limit=5&version=1.2&wt=json&json.nl=map&q=%5B%2A+TO+%2A%5D+node_type%3A%22feed_item%22&start=0&rows=1 HTTP/1.0" 200 705 
0:0:0:0:0:0:0:1%0 -  -  [17/07/2010:19:14:12 +0000] "GET /solr/drupal6_search_node/select?sort=score+desc&version=1.2&wt=json&json.nl=map&q=%5B%2A+TO+%2A%5D&start=0&rows=1000 HTTP/1.0" 200 36243 
0:0:0:0:0:0:0:1%0 -  -  [17/07/2010:19:14:12 +0000] "GET /solr/drupal6_search_node/select?sort=node_created+desc&version=1.2&wt=json&json.nl=map&q=%5B%2A+TO+%2A%5D&start=0&rows=2 HTTP/1.0" 200 1008 
0:0:0:0:0:0:0:1%0 -  -  [17/07/2010:19:14:12 +0000] "GET /solr/drupal6_search_node/select?sort=node_created+asc&version=1.2&wt=json&json.nl=map&q=%5B%2A+TO+%2A%5D&start=0&rows=2 HTTP/1.0" 200 1031 
0:0:0:0:0:0:0:1%0 -  -  [17/07/2010:19:14:12 +0000] "GET /solr/drupal6_search_node/select?facet=true&facet.mincount=1&facet.field=node_type&facet.field=users_name&facet.date=node_created&f.node_created.facet.limit=5&f.node_created.facet.date.start=2010-07-16T02%3A37%3A09Z&f.node_created.facet.date.end=2010-07-17T18%3A01%3A54Z&f.node_created.facet.date.gap=%2B1MONTH&f.node_type.facet.limit=5&f.users_name.facet.limit=5&version=1.2&wt=json&json.nl=map&q=%5B%2A+TO+%2A%5D&start=0&rows=1 HTTP/1.0" 200 490 
0:0:0:0:0:0:0:1%0 -  -  [17/07/2010:19:14:18 +0000] "POST /solr/drupal6_search_node/update?wt=json HTTP/1.0" 200 41 
0:0:0:0:0:0:0:1%0 -  -  [17/07/2010:19:14:18 +0000] "POST /solr/drupal6_search_node/update?wt=json HTTP/1.0" 200 42 
0:0:0:0:0:0:0:1%0 -  -  [17/07/2010:19:14:26 +0000] "GET /solr/drupal6_search_node/select?sort=score+desc&version=1.2&wt=json&json.nl=map&q=%22oil%22&start=0&rows=10 HTTP/1.0" 200 3588 
0:0:0:0:0:0:0:1%0 -  -  [17/07/2010:19:14:26 +0000] "GET /solr/drupal6_search_node/select?sort=node_created+desc&version=1.2&wt=json&json.nl=map&q=%22oil%22&start=0&rows=2 HTTP/1.0" 200 908 
0:0:0:0:0:0:0:1%0 -  -  [17/07/2010:19:14:26 +0000] "GET /solr/drupal6_search_node/select?sort=node_created+asc&version=1.2&wt=json&json.nl=map&q=%22oil%22&start=0&rows=2 HTTP/1.0" 200 917 
0:0:0:0:0:0:0:1%0 -  -  [17/07/2010:19:14:26 +0000] "GET /solr/drupal6_search_node/select?facet=true&facet.mincount=1&facet.field=node_type&facet.field=users_name&facet.date=node_created&f.node_created.facet.limit=5&f.node_created.facet.date.start=2010-07-16T02%3A37%3A09Z&f.node_created.facet.date.end=2010-07-17T19%3A13%3A24Z&f.node_created.facet.date.gap=%2B1MONTH&f.node_type.facet.limit=5&f.users_name.facet.limit=5&version=1.2&wt=json&json.nl=map&q=%22oil%22&start=0&rows=1 HTTP/1.0" 200 731 
0:0:0:0:0:0:0:1%0 -  -  [17/07/2010:19:18:43 +0000] "GET /solr/drupal6_search_node/select?sort=score+desc&version=1.2&wt=json&json.nl=map&q=%22oil%22&start=0&rows=10 HTTP/1.0" 200 3588 
0:0:0:0:0:0:0:1%0 -  -  [17/07/2010:19:18:43 +0000] "GET /solr/drupal6_search_node/select?sort=node_created+desc&version=1.2&wt=json&json.nl=map&q=%22oil%22&start=0&rows=2 HTTP/1.0" 200 908 
0:0:0:0:0:0:0:1%0 -  -  [17/07/2010:19:18:43 +0000] "GET /solr/drupal6_search_node/select?sort=node_created+asc&version=1.2&wt=json&json.nl=map&q=%22oil%22&start=0&rows=2 HTTP/1.0" 200 917 
0:0:0:0:0:0:0:1%0 -  -  [17/07/2010:19:18:43 +0000] "GET /solr/drupal6_search_node/select?facet=true&facet.mincount=1&facet.field=node_type&facet.field=users_name&facet.date=node_created&f.node_created.facet.limit=5&f.node_created.facet.date.start=2010-07-16T02%3A37%3A09Z&f.node_created.facet.date.end=2010-07-17T19%3A13%3A24Z&f.node_created.facet.date.gap=%2B1MONTH&f.node_type.facet.limit=5&f.users_name.facet.limit=5&version=1.2&wt=json&json.nl=map&q=%22oil%22&start=0&rows=1 HTTP/1.0" 200 731 
0:0:0:0:0:0:0:1%0 -  -  [17/07/2010:19:19:18 +0000] "GET /solr/drupal6_search_node/select?sort=score+desc&version=1.2&wt=json&json.nl=map&q=%22oil%22&start=0&rows=10 HTTP/1.0" 200 3588 
0:0:0:0:0:0:0:1%0 -  -  [17/07/2010:19:19:18 +0000] "GET /solr/drupal6_search_node/select?sort=node_created+desc&version=1.2&wt=json&json.nl=map&q=%22oil%22&start=0&rows=2 HTTP/1.0" 200 908 
0:0:0:0:0:0:0:1%0 -  -  [17/07/2010:19:19:18 +0000] "GET /solr/drupal6_search_node/select?sort=node_created+asc&version=1.2&wt=json&json.nl=map&q=%22oil%22&start=0&rows=2 HTTP/1.0" 200 917 
0:0:0:0:0:0:0:1%0 -  -  [17/07/2010:19:19:18 +0000] "GET /solr/drupal6_search_node/select?facet=true&facet.mincount=1&facet.field=node_type&facet.field=users_name&facet.date=node_created&f.node_created.facet.limit=5&f.node_created.facet.date.start=2010-07-16T02%3A37%3A09Z&f.node_created.facet.date.end=2010-07-17T19%3A13%3A24Z&f.node_created.facet.date.gap=%2B1MONTH&f.node_type.facet.limit=5&f.users_name.facet.limit=5&version=1.2&wt=json&json.nl=map&q=%22oil%22&start=0&rows=1 HTTP/1.0" 200 731 
0:0:0:0:0:0:0:1%0 -  -  [17/07/2010:19:19:23 +0000] "GET /solr/drupal6_search_node/select?sort=score+desc&version=1.2&wt=json&json.nl=map&q=%5B%2A+TO+%2A%5D&start=0&rows=1000 HTTP/1.0" 200 42161 
0:0:0:0:0:0:0:1%0 -  -  [17/07/2010:19:19:23 +0000] "GET /solr/drupal6_search_node/select?sort=node_created+desc&version=1.2&wt=json&json.nl=map&q=%5B%2A+TO+%2A%5D&start=0&rows=2 HTTP/1.0" 200 1035 
0:0:0:0:0:0:0:1%0 -  -  [17/07/2010:19:19:23 +0000] "GET /solr/drupal6_search_node/select?sort=node_created+asc&version=1.2&wt=json&json.nl=map&q=%5B%2A+TO+%2A%5D&start=0&rows=2 HTTP/1.0" 200 990 
0:0:0:0:0:0:0:1%0 -  -  [17/07/2010:19:19:23 +0000] "GET /solr/drupal6_search_node/select?facet=true&facet.mincount=1&facet.field=node_type&facet.field=users_name&facet.date=node_created&f.node_created.facet.limit=5&f.node_created.facet.date.start=2010-07-16T02%3A37%3A09Z&f.node_created.facet.date.end=2010-07-17T19%3A13%3A24Z&f.node_created.facet.date.gap=%2B1MONTH&f.node_type.facet.limit=5&f.users_name.facet.limit=5&version=1.2&wt=json&json.nl=map&q=%5B%2A+TO+%2A%5D&start=0&rows=1 HTTP/1.0" 200 494 
0:0:0:0:0:0:0:1%0 -  -  [17/07/2010:19:19:28 +0000] "GET /solr/drupal6_search_node/select?sort=score+desc&version=1.2&wt=json&json.nl=map&q=%5B%2A+TO+%2A%5D+node_type%3A%22feed_item%22&start=0&rows=10 HTTP/1.0" 200 4157 
0:0:0:0:0:0:0:1%0 -  -  [17/07/2010:19:19:28 +0000] "GET /solr/drupal6_search_node/select?sort=node_created+desc&version=1.2&wt=json&json.nl=map&q=%5B%2A+TO+%2A%5D+node_type%3A%22feed_item%22&start=0&rows=2 HTTP/1.0" 200 1035 
0:0:0:0:0:0:0:1%0 -  -  [17/07/2010:19:19:28 +0000] "GET /solr/drupal6_search_node/select?sort=node_created+asc&version=1.2&wt=json&json.nl=map&q=%5B%2A+TO+%2A%5D+node_type%3A%22feed_item%22&start=0&rows=2 HTTP/1.0" 200 990 
0:0:0:0:0:0:0:1%0 -  -  [17/07/2010:19:19:28 +0000] "GET /solr/drupal6_search_node/select?facet=true&facet.mincount=1&facet.field=node_type&facet.field=users_name&facet.date=node_created&f.node_created.facet.limit=5&f.node_created.facet.date.start=2010-07-16T02%3A37%3A09Z&f.node_created.facet.date.end=2010-07-17T19%3A13%3A24Z&f.node_created.facet.date.gap=%2B1MONTH&f.node_type.facet.limit=5&f.users_name.facet.limit=5&version=1.2&wt=json&json.nl=map&q=%5B%2A+TO+%2A%5D+node_type%3A%22feed_item%22&start=0&rows=1 HTTP/1.0" 200 709 
0:0:0:0:0:0:0:1%0 -  -  [17/07/2010:19:30:09 +0000] "POST /solr/drupal6_search_node/update?wt=json HTTP/1.0" 200 41 
0:0:0:0:0:0:0:1%0 -  -  [17/07/2010:19:30:09 +0000] "POST /solr/drupal6_search_node/update?wt=json HTTP/1.0" 200 42 
0:0:0:0:0:0:0:1%0 -  -  [17/07/2010:19:38:21 +0000] "POST /solr/drupal6_search_node/update?wt=json HTTP/1.0" 200 41 
0:0:0:0:0:0:0:1%0 -  -  [17/07/2010:19:38:22 +0000] "POST /solr/drupal6_search_node/update?wt=json HTTP/1.0" 200 42 
0:0:0:0:0:0:0:1%0 -  -  [17/07/2010:19:38:59 +0000] "POST /solr/drupal6_search_node/update?wt=json HTTP/1.0" 200 42 
0:0:0:0:0:0:0:1%0 -  -  [17/07/2010:19:38:59 +0000] "POST /solr/drupal6_search_node/update?wt=json HTTP/1.0" 200 42 
0:0:0:0:0:0:0:1%0 -  -  [17/07/2010:19:42:56 +0000] "POST /solr/drupal6_search_node/update?wt=json HTTP/1.0" 200 41 
0:0:0:0:0:0:0:1%0 -  -  [17/07/2010:19:42:56 +0000] "POST /solr/drupal6_search_node/update?wt=json HTTP/1.0" 200 42 
0:0:0:0:0:0:0:1%0 -  -  [17/07/2010:19:43:01 +0000] "POST /solr/drupal6_search_node/update?wt=json HTTP/1.0" 400 1434 
0:0:0:0:0:0:0:1%0 -  -  [17/07/2010:19:47:35 +0000] "POST /solr/drupal6_search_node/update?wt=json HTTP/1.0" 200 41 
0:0:0:0:0:0:0:1%0 -  -  [17/07/2010:19:47:35 +0000] "POST /solr/drupal6_search_node/update?wt=json HTTP/1.0" 200 42 
0:0:0:0:0:0:0:1%0 -  -  [17/07/2010:19:48:29 +0000] "POST /solr/drupal6_search_node/update?wt=json HTTP/1.0" 200 42 
0:0:0:0:0:0:0:1%0 -  -  [17/07/2010:19:48:29 +0000] "POST /solr/drupal6_search_node/update?wt=json HTTP/1.0" 200 42 
0:0:0:0:0:0:0:1%0 -  -  [17/07/2010:19:48:38 +0000] "POST /solr/drupal6_search_node/update?wt=json HTTP/1.0" 200 41 
0:0:0:0:0:0:0:1%0 -  -  [17/07/2010:19:48:38 +0000] "POST /solr/drupal6_search_node/update?wt=json HTTP/1.0" 200 42 
0:0:0:0:0:0:0:1%0 -  -  [17/07/2010:19:48:45 +0000] "POST /solr/drupal6_search_node/update?wt=json HTTP/1.0" 400 1434 
0:0:0:0:0:0:0:1%0 -  -  [17/07/2010:19:51:38 +0000] "POST /solr/drupal6_search_node/update?wt=json HTTP/1.0" 200 41 
0:0:0:0:0:0:0:1%0 -  -  [17/07/2010:19:51:38 +0000] "POST /solr/drupal6_search_node/update?wt=json HTTP/1.0" 200 42 
0:0:0:0:0:0:0:1%0 -  -  [17/07/2010:19:51:44 +0000] "POST /solr/drupal6_search_node/update?wt=json HTTP/1.0" 400 1441 
0:0:0:0:0:0:0:1%0 -  -  [17/07/2010:19:53:33 +0000] "POST /solr/drupal6_search_node/update?wt=json HTTP/1.0" 400 1441 
0:0:0:0:0:0:0:1%0 -  -  [17/07/2010:19:58:31 +0000] "POST /solr/drupal6_search_node/update?wt=json HTTP/1.0" 200 41 
0:0:0:0:0:0:0:1%0 -  -  [17/07/2010:19:58:31 +0000] "POST /solr/drupal6_search_node/update?wt=json HTTP/1.0" 200 42 
0:0:0:0:0:0:0:1%0 -  -  [17/07/2010:20:01:26 +0000] "POST /solr/drupal6_search_node/update?wt=json HTTP/1.0" 200 41 
0:0:0:0:0:0:0:1%0 -  -  [17/07/2010:20:01:26 +0000] "POST /solr/drupal6_search_node/update?wt=json HTTP/1.0" 200 41 
0:0:0:0:0:0:0:1%0 -  -  [17/07/2010:20:02:20 +0000] "POST /solr/drupal6_search_node/update?wt=json HTTP/1.0" 200 41 
0:0:0:0:0:0:0:1%0 -  -  [17/07/2010:20:02:20 +0000] "POST /solr/drupal6_search_node/update?wt=json HTTP/1.0" 200 42 
0:0:0:0:0:0:0:1%0 -  -  [17/07/2010:20:02:28 +0000] "POST /solr/drupal6_search_node2/update?wt=json HTTP/1.0" 404 1409 
0:0:0:0:0:0:0:1%0 -  -  [17/07/2010:20:03:01 +0000] "POST /solr/drupal6_search_node/update?wt=json HTTP/1.0" 200 41 
0:0:0:0:0:0:0:1%0 -  -  [17/07/2010:20:03:01 +0000] "POST /solr/drupal6_search_node/update?wt=json HTTP/1.0" 200 42 
0:0:0:0:0:0:0:1%0 -  -  [17/07/2010:20:07:42 +0000] "POST /solr/drupal6_search_node/update?wt=json HTTP/1.0" 200 42 
0:0:0:0:0:0:0:1%0 -  -  [17/07/2010:20:07:42 +0000] "POST /solr/drupal6_search_node/update?wt=json HTTP/1.0" 200 42 
0:0:0:0:0:0:0:1%0 -  -  [17/07/2010:20:08:32 +0000] "POST /solr/drupal6_search_node/update?wt=json HTTP/1.0" 200 41 
0:0:0:0:0:0:0:1%0 -  -  [17/07/2010:20:08:32 +0000] "POST /solr/drupal6_search_node/update?wt=json HTTP/1.0" 200 42 
0:0:0:0:0:0:0:1%0 -  -  [17/07/2010:20:08:51 +0000] "POST /solr/drupal6_search_node/update?wt=json HTTP/1.0" 400 1434 
0:0:0:0:0:0:0:1%0 -  -  [17/07/2010:20:09:31 +0000] "GET /solr/drupal6_search_node/select?sort=score+desc&version=1.2&wt=json&json.nl=map&q=%5B%2A+TO+%2A%5D&start=0&rows=1000 HTTP/1.0" 200 87 
0:0:0:0:0:0:0:1%0 -  -  [17/07/2010:20:09:31 +0000] "GET /solr/drupal6_search_node/select?sort=node_created+desc&version=1.2&wt=json&json.nl=map&q=%5B%2A+TO+%2A%5D&start=0&rows=2 HTTP/1.0" 200 87 
0:0:0:0:0:0:0:1%0 -  -  [17/07/2010:20:09:31 +0000] "GET /solr/drupal6_search_node/select?sort=node_created+asc&version=1.2&wt=json&json.nl=map&q=%5B%2A+TO+%2A%5D&start=0&rows=2 HTTP/1.0" 200 87 
0:0:0:0:0:0:0:1%0 -  -  [17/07/2010:20:09:31 +0000] "GET /solr/drupal6_search_node/select?facet=true&facet.mincount=1&facet.field=node_type&facet.field=users_name&facet.date=node_created&f.node_created.facet.limit=5&f.node_created.facet.date.gap=%2B1MONTH&f.node_type.facet.limit=5&f.users_name.facet.limit=5&version=1.2&wt=json&json.nl=map&q=%5B%2A+TO+%2A%5D&start=0&rows=1 HTTP/1.0" 200 2449 
0:0:0:0:0:0:0:1%0 -  -  [17/07/2010:20:09:35 +0000] "GET /solr/drupal6_search_node/select?sort=score+desc&version=1.2&wt=json&json.nl=map&q=%22oil%22&start=0&rows=10 HTTP/1.0" 200 87 
0:0:0:0:0:0:0:1%0 -  -  [17/07/2010:20:09:35 +0000] "GET /solr/drupal6_search_node/select?sort=node_created+desc&version=1.2&wt=json&json.nl=map&q=%22oil%22&start=0&rows=2 HTTP/1.0" 200 87 
0:0:0:0:0:0:0:1%0 -  -  [17/07/2010:20:09:35 +0000] "GET /solr/drupal6_search_node/select?sort=node_created+asc&version=1.2&wt=json&json.nl=map&q=%22oil%22&start=0&rows=2 HTTP/1.0" 200 87 
0:0:0:0:0:0:0:1%0 -  -  [17/07/2010:20:09:35 +0000] "GET /solr/drupal6_search_node/select?facet=true&facet.mincount=1&facet.field=node_type&facet.field=users_name&facet.date=node_created&f.node_created.facet.limit=5&f.node_created.facet.date.gap=%2B1MONTH&f.node_type.facet.limit=5&f.users_name.facet.limit=5&version=1.2&wt=json&json.nl=map&q=%22oil%22&start=0&rows=1 HTTP/1.0" 200 2449 
0:0:0:0:0:0:0:1%0 -  -  [17/07/2010:20:10:23 +0000] "GET /solr/drupal6_search_node/select?sort=score+desc&version=1.2&wt=json&json.nl=map&q=%22oil%22&start=0&rows=10 HTTP/1.0" 200 87 
0:0:0:0:0:0:0:1%0 -  -  [17/07/2010:20:10:23 +0000] "GET /solr/drupal6_search_node/select?sort=node_created+desc&version=1.2&wt=json&json.nl=map&q=%22oil%22&start=0&rows=2 HTTP/1.0" 200 87 
0:0:0:0:0:0:0:1%0 -  -  [17/07/2010:20:10:23 +0000] "GET /solr/drupal6_search_node/select?sort=node_created+asc&version=1.2&wt=json&json.nl=map&q=%22oil%22&start=0&rows=2 HTTP/1.0" 200 87 
0:0:0:0:0:0:0:1%0 -  -  [17/07/2010:20:10:23 +0000] "GET /solr/drupal6_search_node/select?facet=true&facet.mincount=1&facet.field=node_type&facet.field=users_name&facet.field=term_data_tid&facet.date=node_created&f.node_created.facet.limit=5&f.node_created.facet.date.gap=%2B1MONTH&f.node_type.facet.limit=5&f.users_name.facet.limit=5&f.term_data_tid.facet.limit=5&version=1.2&wt=json&json.nl=map&q=%22oil%22&start=0&rows=1 HTTP/1.0" 200 2397 
0:0:0:0:0:0:0:1%0 -  -  [17/07/2010:20:11:00 +0000] "POST /solr/drupal6_search_node/update?wt=json HTTP/1.0" 200 42 
0:0:0:0:0:0:0:1%0 -  -  [17/07/2010:20:11:00 +0000] "POST /solr/drupal6_search_node/update?wt=json HTTP/1.0" 200 42 
0:0:0:0:0:0:0:1%0 -  -  [17/07/2010:20:11:11 +0000] "GET /solr/drupal6_search_node/select?sort=score+desc&version=1.2&wt=json&json.nl=map&q=%22oil%22&start=0&rows=10 HTTP/1.0" 200 3667 
0:0:0:0:0:0:0:1%0 -  -  [17/07/2010:20:11:11 +0000] "GET /solr/drupal6_search_node/select?sort=node_created+desc&version=1.2&wt=json&json.nl=map&q=%22oil%22&start=0&rows=2 HTTP/1.0" 200 908 
0:0:0:0:0:0:0:1%0 -  -  [17/07/2010:20:11:11 +0000] "GET /solr/drupal6_search_node/select?sort=node_created+asc&version=1.2&wt=json&json.nl=map&q=%22oil%22&start=0&rows=2 HTTP/1.0" 200 903 
0:0:0:0:0:0:0:1%0 -  -  [17/07/2010:20:11:11 +0000] "GET /solr/drupal6_search_node/select?facet=true&facet.mincount=1&facet.field=node_type&facet.field=users_name&facet.date=node_created&f.node_created.facet.limit=5&f.node_created.facet.date.start=2010-07-16T02%3A37%3A09Z&f.node_created.facet.date.end=2010-07-17T19%3A13%3A24Z&f.node_created.facet.date.gap=%2B1MONTH&f.node_type.facet.limit=5&f.users_name.facet.limit=5&version=1.2&wt=json&json.nl=map&q=%22oil%22&start=0&rows=1 HTTP/1.0" 200 731 
0:0:0:0:0:0:0:1%0 -  -  [17/07/2010:20:11:46 +0000] "GET /solr/drupal6_search_node/select?sort=score+desc&version=1.2&wt=json&json.nl=map&q=%5B%2A+TO+%2A%5D&start=0&rows=1000 HTTP/1.0" 200 39923 
0:0:0:0:0:0:0:1%0 -  -  [17/07/2010:20:11:46 +0000] "GET /solr/drupal6_search_node/select?sort=node_created+desc&version=1.2&wt=json&json.nl=map&q=%5B%2A+TO+%2A%5D&start=0&rows=2 HTTP/1.0" 200 1035 
0:0:0:0:0:0:0:1%0 -  -  [17/07/2010:20:11:46 +0000] "GET /solr/drupal6_search_node/select?sort=node_created+asc&version=1.2&wt=json&json.nl=map&q=%5B%2A+TO+%2A%5D&start=0&rows=2 HTTP/1.0" 200 1032 
0:0:0:0:0:0:0:1%0 -  -  [17/07/2010:20:11:46 +0000] "GET /solr/drupal6_search_node/select?facet=true&facet.mincount=1&facet.field=node_type&facet.field=users_name&facet.date=node_created&f.node_created.facet.limit=5&f.node_created.facet.date.start=2010-07-16T02%3A37%3A09Z&f.node_created.facet.date.end=2010-07-17T19%3A13%3A24Z&f.node_created.facet.date.gap=%2B1MONTH&f.node_type.facet.limit=5&f.users_name.facet.limit=5&version=1.2&wt=json&json.nl=map&q=%5B%2A+TO+%2A%5D&start=0&rows=1 HTTP/1.0" 200 492 
0:0:0:0:0:0:0:1%0 -  -  [17/07/2010:20:19:02 +0000] "POST /solr/drupal6_search_node/update?wt=json HTTP/1.0" 200 42 
0:0:0:0:0:0:0:1%0 -  -  [17/07/2010:20:19:02 +0000] "POST /solr/drupal6_search_node/update?wt=json HTTP/1.0" 200 42 
0:0:0:0:0:0:0:1%0 -  -  [17/07/2010:20:19:11 +0000] "GET /solr/drupal6_search_node/select?sort=score+desc&version=1.2&wt=json&json.nl=map&q=%22oil%22&start=0&rows=10 HTTP/1.0" 200 3667 
0:0:0:0:0:0:0:1%0 -  -  [17/07/2010:20:19:11 +0000] "GET /solr/drupal6_search_node/select?sort=node_created+desc&version=1.2&wt=json&json.nl=map&q=%22oil%22&start=0&rows=2 HTTP/1.0" 200 908 
0:0:0:0:0:0:0:1%0 -  -  [17/07/2010:20:19:11 +0000] "GET /solr/drupal6_search_node/select?sort=node_created+asc&version=1.2&wt=json&json.nl=map&q=%22oil%22&start=0&rows=2 HTTP/1.0" 200 903 
0:0:0:0:0:0:0:1%0 -  -  [17/07/2010:20:19:11 +0000] "GET /solr/drupal6_search_node/select?facet=true&facet.mincount=1&facet.field=node_type&facet.field=users_name&facet.date=node_created&f.node_created.facet.limit=5&f.node_created.facet.date.start=2010-07-16T02%3A37%3A09Z&f.node_created.facet.date.end=2010-07-17T19%3A13%3A24Z&f.node_created.facet.date.gap=%2B1MONTH&f.node_type.facet.limit=5&f.users_name.facet.limit=5&version=1.2&wt=json&json.nl=map&q=%22oil%22&start=0&rows=1 HTTP/1.0" 200 731 
0:0:0:0:0:0:0:1%0 -  -  [17/07/2010:20:23:34 +0000] "POST /solr/drupal6_search_node/update?wt=json HTTP/1.0" 200 41 
0:0:0:0:0:0:0:1%0 -  -  [17/07/2010:20:23:34 +0000] "POST /solr/drupal6_search_node/update?wt=json HTTP/1.0" 200 42 
0:0:0:0:0:0:0:1%0 -  -  [17/07/2010:20:23:46 +0000] "POST /solr/drupal6_search_node/update?wt=json HTTP/1.0" 400 1434 
0:0:0:0:0:0:0:1%0 -  -  [17/07/2010:20:50:49 +0000] "POST /solr/drupal6_search_node/update?wt=json HTTP/1.0" 200 41 
0:0:0:0:0:0:0:1%0 -  -  [17/07/2010:20:50:49 +0000] "POST /solr/drupal6_search_node/update?wt=json HTTP/1.0" 200 42 
0:0:0:0:0:0:0:1%0 -  -  [17/07/2010:20:51:05 +0000] "POST /solr/drupal6_search_node/update?wt=json HTTP/1.0" 200 42 
0:0:0:0:0:0:0:1%0 -  -  [17/07/2010:20:51:05 +0000] "POST /solr/drupal6_search_node/update?wt=json HTTP/1.0" 200 42 
192.168.1.12 -  -  [17/07/2010:22:35:31 +0000] "GET /solr/ HTTP/1.1" 200 484 
192.168.1.12 -  -  [17/07/2010:22:35:31 +0000] "GET /solr/solr-admin.css HTTP/1.1" 404 1396 
192.168.1.12 -  -  [17/07/2010:22:35:31 +0000] "GET /solr/admin/solr_small.png HTTP/1.1" 200 7926 
192.168.1.12 -  -  [17/07/2010:22:35:31 +0000] "GET /solr/favicon.ico HTTP/1.1" 200 1146 
192.168.1.12 -  -  [17/07/2010:22:35:32 +0000] "GET /solr/drupal6_search_node/admin/ HTTP/1.1" 200 2704 
192.168.1.12 -  -  [17/07/2010:22:35:33 +0000] "GET /solr/drupal6_search_node/admin/solr-admin.css HTTP/1.1" 200 3846 
192.168.1.12 -  -  [17/07/2010:22:35:33 +0000] "GET /solr/drupal6_search_node/admin/solr_small.png HTTP/1.1" 200 7926 
192.168.1.12 -  -  [17/07/2010:22:35:33 +0000] "GET /solr/drupal6_search_node/admin/favicon.ico HTTP/1.1" 200 1146 
0:0:0:0:0:0:0:1%0 -  -  [17/07/2010:22:35:53 +0000] "POST /solr/drupal6_search_node/update?wt=json HTTP/1.0" 200 43 
0:0:0:0:0:0:0:1%0 -  -  [17/07/2010:22:35:53 +0000] "POST /solr/drupal6_search_node/update?wt=json HTTP/1.0" 200 42 
0:0:0:0:0:0:0:1%0 -  -  [17/07/2010:22:36:49 +0000] "GET /solr/drupal6_search_node/select?sort=score+desc&version=1.2&wt=json&json.nl=map&q=%22oil%22&start=0&rows=10 HTTP/1.0" 200 3669 
0:0:0:0:0:0:0:1%0 -  -  [17/07/2010:22:36:50 +0000] "GET /solr/drupal6_search_node/select?sort=node_created+desc&version=1.2&wt=json&json.nl=map&q=%22oil%22&start=0&rows=2 HTTP/1.0" 200 909 
0:0:0:0:0:0:0:1%0 -  -  [17/07/2010:22:36:50 +0000] "GET /solr/drupal6_search_node/select?sort=node_created+asc&version=1.2&wt=json&json.nl=map&q=%22oil%22&start=0&rows=2 HTTP/1.0" 200 903 
0:0:0:0:0:0:0:1%0 -  -  [17/07/2010:22:36:50 +0000] "GET /solr/drupal6_search_node/select?facet=true&facet.mincount=1&facet.field=node_type&facet.field=users_name&facet.date=node_created&f.node_created.facet.limit=5&f.node_created.facet.date.start=2010-07-16T02%3A37%3A09Z&f.node_created.facet.date.end=2010-07-17T19%3A13%3A24Z&f.node_created.facet.date.gap=%2B1MONTH&f.node_type.facet.limit=5&f.users_name.facet.limit=5&version=1.2&wt=json&json.nl=map&q=%22oil%22&start=0&rows=1 HTTP/1.0" 200 732 
0:0:0:0:0:0:0:1%0 -  -  [17/07/2010:23:07:51 +0000] "POST /solr/drupal6_search_node/update?wt=json HTTP/1.0" 200 41 
0:0:0:0:0:0:0:1%0 -  -  [17/07/2010:23:07:51 +0000] "POST /solr/drupal6_search_node/update?wt=json HTTP/1.0" 200 42 
0:0:0:0:0:0:0:1%0 -  -  [17/07/2010:23:09:17 +0000] "POST /solr/drupal6_search_node/update?wt=json HTTP/1.0" 400 1434 
0:0:0:0:0:0:0:1%0 -  -  [17/07/2010:23:09:45 +0000] "POST /solr/drupal6_search_node/update?wt=json HTTP/1.0" 200 41 
0:0:0:0:0:0:0:1%0 -  -  [17/07/2010:23:09:45 +0000] "POST /solr/drupal6_search_node/update?wt=json HTTP/1.0" 200 42 
0:0:0:0:0:0:0:1%0 -  -  [17/07/2010:23:09:54 +0000] "POST /solr/drupal6_search_node/update?wt=json HTTP/1.0" 200 42 
0:0:0:0:0:0:0:1%0 -  -  [17/07/2010:23:09:54 +0000] "POST /solr/drupal6_search_node/update?wt=json HTTP/1.0" 200 42 
0:0:0:0:0:0:0:1%0 -  -  [17/07/2010:23:50:27 +0000] "POST /solr/drupal6_search_node/update?wt=json HTTP/1.0" 400 1434 
0:0:0:0:0:0:0:1%0 -  -  [17/07/2010:23:54:26 +0000] "POST /solr/drupal6_search_node/update?wt=json HTTP/1.0" 400 1436 
0:0:0:0:0:0:0:1%0 -  -  [17/07/2010:23:54:53 +0000] "POST /solr/drupal6_search_node/update?wt=json HTTP/1.0" 400 1436 
0:0:0:0:0:0:0:1%0 -  -  [17/07/2010:23:55:03 +0000] "POST /solr/drupal6_search_node/update?wt=json HTTP/1.0" 200 41 
0:0:0:0:0:0:0:1%0 -  -  [17/07/2010:23:55:03 +0000] "POST /solr/drupal6_search_node/update?wt=json HTTP/1.0" 200 42 
0:0:0:0:0:0:0:1%0 -  -  [17/07/2010:23:55:16 +0000] "POST /solr/drupal6_search_node/update?wt=json HTTP/1.0" 200 42 
0:0:0:0:0:0:0:1%0 -  -  [17/07/2010:23:55:16 +0000] "POST /solr/drupal6_search_node/update?wt=json HTTP/1.0" 200 42 
0:0:0:0:0:0:0:1%0 -  -  [17/07/2010:23:55:21 +0000] "POST /solr/drupal6_search_node/update?wt=json HTTP/1.0" 400 1436 
